No Algolia config found. Search is now disabled
Not notifying due to an invalid api_key
No Algolia config found. Search is now disabled
Not notifying due to an invalid api_key
No Algolia config found. Search is now disabled
No valid API key has been set, notifications will not be sent
Not notifying due to an invalid api_key
No Algolia config found. Search is now disabled
No valid API key has been set, notifications will not be sent
No Algolia config found. Search is now disabled
No valid API key has been set, notifications will not be sent
Started GET "/" for ::1 at 2020-02-27 10:41:07 +0200
  [1m[35m (1.1ms)[0m  [1m[34mSELECT "schema_migrations"."version" FROM "schema_migrations" ORDER BY "schema_migrations"."version" ASC[0m
Processing by StaticController#landing as HTML
  Rendering static/landing.html.erb within layouts/landing
  Rendered static/_products.html.erb (Duration: 1.2ms | Allocations: 603)
  Rendered static/landing.html.erb within layouts/landing (Duration: 3.9ms | Allocations: 1292)
[Webpacker] Compiling...
[Webpacker] Compilation failed:
yarn run v1.19.1
info Visit https://yarnpkg.com/en/docs/cli/run for documentation about this command.


warning package.json: No license field
warning package.json: No license field
error Command "webpack" not found.

  Rendered layouts/partials/_head.html.erb (Duration: 8471.8ms | Allocations: 644949)
Completed 500 Internal Server Error in 8487ms (ActiveRecord: 0.0ms | Allocations: 649200)


Not notifying due to an invalid api_key

Webpacker::Manifest::MissingEntryError - Webpacker can't find application in /Users/bgreenberg2/Documents/dev/nexmo-developer/lib/nexmo_developer/public/packs/manifest.json. Possible causes:
1. You want to set webpacker.yml value of compile to true for your environment
   unless you are using the `webpack -w` or the webpack-dev-server.
2. webpack has not yet re-run to reflect updates.
3. You have misconfigured Webpacker's config/webpacker.yml file.
4. Your webpack configuration is not creating a manifest.
Your manifest contains:
{
}
:
  app/views/layouts/partials/_head.html.erb:86
  app/views/layouts/landing.html.erb:3
  app/controllers/static_controller.rb:53:in `landing'
  app/middleware/nexmo_developer/visitor_id.rb:10:in `call'
  app/middleware/nexmo_developer/building_block_redirect.rb:15:in `call'

Started POST "/__better_errors/40645389d82377b9/variables" for ::1 at 2020-02-27 10:41:16 +0200
Not delivering sessions due to an invalid api_key
No Algolia config found. Search is now disabled
No valid API key has been set, notifications will not be sent
Started GET "/" for ::1 at 2020-02-27 10:44:17 +0200
  [1m[35m (0.6ms)[0m  [1m[34mSELECT "schema_migrations"."version" FROM "schema_migrations" ORDER BY "schema_migrations"."version" ASC[0m
Processing by StaticController#landing as HTML
  Rendering static/landing.html.erb within layouts/landing
  Rendered static/_products.html.erb (Duration: 1.4ms | Allocations: 603)
  Rendered static/landing.html.erb within layouts/landing (Duration: 4.0ms | Allocations: 1292)
[Webpacker] Compiling...
[Webpacker] Compiled all packs in /Users/bgreenberg2/Documents/dev/nexmo-developer/lib/nexmo_developer/public/packs
[Webpacker] warning package.json: No license field
Browserslist: caniuse-lite is outdated. Please run next command `yarn upgrade`

  Rendered layouts/partials/_head.html.erb (Duration: 12164.4ms | Allocations: 83407)
  Rendered layouts/partials/_post-body-tags.html.erb (Duration: 0.8ms | Allocations: 133)
  Rendered layouts/partials/_header.html.erb (Duration: 35.3ms | Allocations: 19881)
Completed 500 Internal Server Error in 12216ms (ActiveRecord: 0.0ms | Allocations: 107720)


Not notifying due to an invalid api_key

Redis::CannotConnectError - Error connecting to Redis on localhost:6379 (Errno::ECONNREFUSED):
  app/views/layouts/partials/_header.html.erb:20
  app/views/layouts/landing.html.erb:6
  app/controllers/static_controller.rb:53:in `landing'
  app/middleware/nexmo_developer/visitor_id.rb:10:in `call'
  app/middleware/nexmo_developer/building_block_redirect.rb:15:in `call'

Started POST "/__better_errors/a460ec321d3eec28/variables" for ::1 at 2020-02-27 10:44:29 +0200
Not delivering sessions due to an invalid api_key
No Algolia config found. Search is now disabled
No valid API key has been set, notifications will not be sent
Started GET "/" for ::1 at 2020-02-27 10:45:46 +0200
  [1m[35m (0.7ms)[0m  [1m[34mSELECT "schema_migrations"."version" FROM "schema_migrations" ORDER BY "schema_migrations"."version" ASC[0m
Processing by StaticController#landing as HTML
  Rendering static/landing.html.erb within layouts/landing
  Rendered static/_products.html.erb (Duration: 1.7ms | Allocations: 603)
  Rendered static/landing.html.erb within layouts/landing (Duration: 5.1ms | Allocations: 1292)
[Webpacker] Everything's up-to-date. Nothing to do
  Rendered layouts/partials/_head.html.erb (Duration: 200.6ms | Allocations: 80768)
  Rendered layouts/partials/_post-body-tags.html.erb (Duration: 0.7ms | Allocations: 133)
  Rendered layouts/partials/_header.html.erb (Duration: 12.0ms | Allocations: 4156)
  Rendered layouts/partials/_notices.html.erb (Duration: 1.1ms | Allocations: 277)
  Rendered layouts/partials/_footer.html.erb (Duration: 3.0ms | Allocations: 724)
Completed 200 OK in 238ms (Views: 236.8ms | ActiveRecord: 0.0ms | Allocations: 90868)


Started GET "/messaging/sms/code-snippets" for ::1 at 2020-02-27 10:45:50 +0200
Processing by MarkdownController#show as HTML
  Parameters: {"namespace"=>"", "product"=>"messaging/sms", "document"=>"code-snippets"}
  [1m[36mRedirect Load (7.7ms)[0m  [1m[34mSELECT "redirects".* FROM "redirects" WHERE "redirects"."url" = $1 ORDER BY "redirects"."id" ASC LIMIT $2[0m  [["url", "/messaging/sms/code-snippets"], ["LIMIT", 1]]
  ↳ app/services/redirector.rb:12:in `find'
  [1m[36mRedirect Update All (6.9ms)[0m  [1m[33mUPDATE "redirects" SET "uses" = COALESCE("uses", 0) + $1 WHERE "redirects"."id" = $2[0m  [["uses", 1], ["id", "5c34135f-8b5b-4b12-8c99-7984f076ac53"]]
  ↳ app/services/redirector.rb:12:in `find'
Redirected to http://localhost:3000/messaging/sms/code-snippets/send-an-sms
Completed 302 Found in 43ms (ActiveRecord: 23.1ms | Allocations: 8279)


Started GET "/messaging/sms/code-snippets/send-an-sms" for ::1 at 2020-02-27 10:45:50 +0200
Processing by MarkdownController#show as HTML
  Parameters: {"namespace"=>"", "product"=>"messaging/sms", "document"=>"code-snippets/send-an-sms"}
  Rendering markdown/show.html.erb within layouts/documentation
  Rendered markdown/show.html.erb within layouts/documentation (Duration: 0.7ms | Allocations: 103)
[Webpacker] Everything's up-to-date. Nothing to do
  Rendered layouts/partials/_head.html.erb (Duration: 41.2ms | Allocations: 24509)
  Rendered layouts/partials/_post-body-tags.html.erb (Duration: 0.0ms | Allocations: 7)
  Rendered layouts/partials/_header.html.erb (Duration: 3.5ms | Allocations: 3191)
  Rendered collection of layouts/partials/_sidenav_subitem.html.erb [5 times] (Duration: 1.1ms | Allocations: 375)
  Rendered collection of layouts/partials/_sidenav_subitem.html.erb [2 times] (Duration: 2.8ms | Allocations: 1258)
  Rendered collection of layouts/partials/_sidenav_subitem.html.erb [5 times] (Duration: 1.7ms | Allocations: 395)
  Rendered collection of layouts/partials/_sidenav_subitem.html.erb [4 times] (Duration: 3.4ms | Allocations: 955)
  Rendered collection of layouts/partials/_sidenav_subitem.html.erb [5 times] (Duration: 2.0ms | Allocations: 398)
  Rendered collection of layouts/partials/_sidenav_subitem.html.erb [11 times] (Duration: 2.4ms | Allocations: 861)
  Rendered collection of layouts/partials/_sidenav_subitem.html.erb [1 times] (Duration: 0.3ms | Allocations: 81)
  Rendered collection of layouts/partials/_sidenav_subitem.html.erb [1 times] (Duration: 0.5ms | Allocations: 81)
  Rendered collection of layouts/partials/_sidenav_subitem.html.erb [6 times] (Duration: 1.8ms | Allocations: 467)
  Rendered collection of layouts/partials/_sidenav_subitem.html.erb [2 times] (Duration: 0.6ms | Allocations: 161)
  Rendered collection of layouts/partials/_sidenav_subitem.html.erb [12 times] (Duration: 24.7ms | Allocations: 3704)
  Rendered collection of layouts/partials/_sidenav_subitem.html.erb [6 times] (Duration: 4.3ms | Allocations: 2606)
  Rendered collection of layouts/partials/_sidenav_subitem.html.erb [2 times] (Duration: 0.6ms | Allocations: 151)
  Rendered collection of layouts/partials/_sidenav_subitem.html.erb [6 times] (Duration: 36.5ms | Allocations: 8429)
  Rendered collection of layouts/partials/_sidenav_subitem.html.erb [7 times] (Duration: 2.3ms | Allocations: 546)
  Rendered collection of layouts/partials/_sidenav_subitem.html.erb [5 times] (Duration: 1.6ms | Allocations: 391)
  Rendered collection of layouts/partials/_sidenav_subitem.html.erb [15 times] (Duration: 1.1ms | Allocations: 714)
  Rendered collection of layouts/partials/_sidenav_subitem.html.erb [5 times] (Duration: 2.4ms | Allocations: 863)
  Rendered collection of layouts/partials/_sidenav_subitem.html.erb [1 times] (Duration: 0.3ms | Allocations: 79)
  Rendered collection of layouts/partials/_sidenav_subitem.html.erb [7 times] (Duration: 11.0ms | Allocations: 4506)
  Rendered collection of layouts/partials/_sidenav_subitem.html.erb [3 times] (Duration: 0.9ms | Allocations: 221)
  Rendered collection of layouts/partials/_sidenav_subitem.html.erb [2 times] (Duration: 1.7ms | Allocations: 544)
  Rendered collection of layouts/partials/_sidenav_subitem.html.erb [1 times] (Duration: 0.4ms | Allocations: 76)
  Rendered collection of layouts/partials/_sidenav_subitem.html.erb [3 times] (Duration: 14.6ms | Allocations: 5930)
  Rendered collection of layouts/partials/_sidenav_subitem.html.erb [1 times] (Duration: 0.4ms | Allocations: 88)
  Rendered collection of layouts/partials/_sidenav_subitem.html.erb [8 times] (Duration: 2.4ms | Allocations: 620)
  Rendered collection of layouts/partials/_sidenav_subitem.html.erb [1 times] (Duration: 0.5ms | Allocations: 208)
  Rendered collection of layouts/partials/_sidenav_subitem.html.erb [1 times] (Duration: 0.5ms | Allocations: 177)
  Rendered collection of layouts/partials/_sidenav_subitem.html.erb [2 times] (Duration: 0.4ms | Allocations: 151)
  Rendered collection of layouts/partials/_sidenav_subitem.html.erb [7 times] (Duration: 7.2ms | Allocations: 2595)
  Rendered collection of layouts/partials/_sidenav_subitem.html.erb [11 times] (Duration: 3.1ms | Allocations: 838)
  Rendered collection of layouts/partials/_sidenav_subitem.html.erb [22 times] (Duration: 7.6ms | Allocations: 1684)
  Rendered collection of layouts/partials/_sidenav_subitem.html.erb [9 times] (Duration: 3.2ms | Allocations: 1546)
  Rendered collection of layouts/partials/_sidenav_subitem.html.erb [7 times] (Duration: 22.3ms | Allocations: 6237)
  Rendered collection of layouts/partials/_sidenav_subitem.html.erb [1 times] (Duration: 0.2ms | Allocations: 80)
  Rendered collection of layouts/partials/_sidenav_subitem.html.erb [9 times] (Duration: 3.1ms | Allocations: 677)
  Rendered collection of layouts/partials/_sidenav_subitem.html.erb [3 times] (Duration: 4.3ms | Allocations: 1489)
  Rendered collection of layouts/partials/_sidenav_subitem.html.erb [2 times] (Duration: 27.6ms | Allocations: 8370)
  Rendered collection of layouts/partials/_sidenav_subitem.html.erb [4 times] (Duration: 1.1ms | Allocations: 318)
  Rendered collection of layouts/partials/_sidenav_subitem.html.erb [7 times] (Duration: 2.3ms | Allocations: 541)
  Rendered collection of layouts/partials/_sidenav_subitem.html.erb [1 times] (Duration: 0.2ms | Allocations: 56)
  Rendered collection of layouts/partials/_sidenav_subitem.html.erb [2 times] (Duration: 1.4ms | Allocations: 349)
  Rendered collection of layouts/partials/_sidenav_subitem.html.erb [6 times] (Duration: 7.9ms | Allocations: 2489)
  Rendered collection of layouts/partials/_sidenav_subitem.html.erb [2 times] (Duration: 0.6ms | Allocations: 163)
  Rendered collection of layouts/partials/_sidenav_subitem.html.erb [6 times] (Duration: 2.2ms | Allocations: 467)
  Rendered collection of layouts/partials/_sidenav_subitem.html.erb [1 times] (Duration: 0.2ms | Allocations: 53)
  Rendered collection of layouts/partials/_sidenav_subitem.html.erb [3 times] (Duration: 2.3ms | Allocations: 520)
  Rendered collection of layouts/partials/_sidenav_subitem.html.erb [6 times] (Duration: 8.4ms | Allocations: 2358)
  Rendered collection of layouts/partials/_sidenav_subitem.html.erb [10 times] (Duration: 3.1ms | Allocations: 725)
  Rendered collection of layouts/partials/_sidenav_subitem.html.erb [4 times] (Duration: 1.4ms | Allocations: 314)
  Rendered collection of layouts/partials/_sidenav_subitem.html.erb [8 times] (Duration: 2.6ms | Allocations: 614)
  Rendered collection of layouts/partials/_sidenav_subitem.html.erb [7 times] (Duration: 1.9ms | Allocations: 535)
  Rendered collection of layouts/partials/_sidenav_subitem.html.erb [10 times] (Duration: 7.9ms | Allocations: 763)
  Rendered collection of layouts/partials/_sidenav_subitem.html.erb [2 times] (Duration: 0.7ms | Allocations: 153)
  Rendered collection of layouts/partials/_sidenav_subitem.html.erb [7 times] (Duration: 1.9ms | Allocations: 535)
  Rendered collection of layouts/partials/_sidenav_subitem.html.erb [5 times] (Duration: 18.2ms | Allocations: 4533)
  Rendered collection of layouts/partials/_sidenav_subitem.html.erb [1 times] (Duration: 0.6ms | Allocations: 179)
  Rendered collection of layouts/partials/_sidenav_subitem.html.erb [6 times] (Duration: 26.4ms | Allocations: 7157)
  Rendered collection of layouts/partials/_sidenav_subitem.html.erb [3 times] (Duration: 0.6ms | Allocations: 219)
  Rendered collection of layouts/partials/_sidenav_subitem.html.erb [2 times] (Duration: 0.6ms | Allocations: 163)
  Rendered collection of layouts/partials/_sidenav_subitem.html.erb [3 times] (Duration: 1.2ms | Allocations: 233)
  Rendered collection of layouts/partials/_sidenav_subitem.html.erb [2 times] (Duration: 4.7ms | Allocations: 564)
  Rendered collection of layouts/partials/_sidenav_subitem.html.erb [3 times] (Duration: 0.5ms | Allocations: 209)
  Rendered collection of layouts/partials/_sidenav_subitem.html.erb [1 times] (Duration: 0.4ms | Allocations: 82)
  Rendered collection of layouts/partials/_sidenav_subitem.html.erb [4 times] (Duration: 1.1ms | Allocations: 306)
  Rendered collection of layouts/partials/_sidenav_subitem.html.erb [4 times] (Duration: 3.9ms | Allocations: 1419)
  Rendered collection of layouts/partials/_sidenav_subitem.html.erb [4 times] (Duration: 2.0ms | Allocations: 689)
  Rendered collection of layouts/partials/_sidenav_subitem.html.erb [5 times] (Duration: 1.0ms | Allocations: 729)
  Rendered collection of layouts/partials/_sidenav_subitem.html.erb [2 times] (Duration: 0.8ms | Allocations: 157)
  Rendered collection of layouts/partials/_sidenav_subitem.html.erb [2 times] (Duration: 0.6ms | Allocations: 157)
  Rendered collection of layouts/partials/_sidenav_subitem.html.erb [2 times] (Duration: 0.7ms | Allocations: 157)
  Rendered collection of layouts/partials/_sidenav_subitem.html.erb [3 times] (Duration: 3.9ms | Allocations: 1145)
  Rendered collection of layouts/partials/_sidenav_subitem.html.erb [10 times] (Duration: 22.1ms | Allocations: 6959)
  Rendered collection of layouts/partials/_sidenav_subitem.html.erb [5 times] (Duration: 1.2ms | Allocations: 391)
  Rendered collection of layouts/partials/_sidenav_subitem.html.erb [5 times] (Duration: 1.7ms | Allocations: 385)
  Rendered collection of layouts/partials/_sidenav_subitem.html.erb [4 times] (Duration: 4.5ms | Allocations: 1563)
  Rendered collection of layouts/partials/_sidenav_subitem.html.erb [1 times] (Duration: 0.4ms | Allocations: 82)
  Rendered collection of layouts/partials/_sidenav_subitem.html.erb [6 times] (Duration: 1.7ms | Allocations: 461)
  Rendered collection of layouts/partials/_sidenav_subitem.html.erb [9 times] (Duration: 3.0ms | Allocations: 689)
  Rendered collection of layouts/partials/_sidenav_subitem.html.erb [1 times] (Duration: 0.8ms | Allocations: 177)
  Rendered collection of layouts/partials/_sidenav_subitem.html.erb [4 times] (Duration: 5.7ms | Allocations: 1674)
  Rendered collection of layouts/partials/_sidenav_subitem.html.erb [6 times] (Duration: 10.6ms | Allocations: 3287)
  Rendered collection of layouts/partials/_sidenav_subitem.html.erb [1 times] (Duration: 0.4ms | Allocations: 81)
  Rendered collection of layouts/partials/_sidenav_subitem.html.erb [1 times] (Duration: 0.3ms | Allocations: 81)
  Rendered collection of layouts/partials/_sidenav_subitem.html.erb [4 times] (Duration: 4.5ms | Allocations: 687)
  Rendered collection of layouts/partials/_sidenav_subitem.html.erb [1 times] (Duration: 0.3ms | Allocations: 82)
  Rendered collection of layouts/partials/_sidenav_subitem.html.erb [4 times] (Duration: 1.2ms | Allocations: 310)
  Rendered collection of layouts/partials/_sidenav_subitem.html.erb [1 times] (Duration: 0.4ms | Allocations: 176)
  Rendered collection of layouts/partials/_sidenav_subitem.html.erb [5 times] (Duration: 3.8ms | Allocations: 1384)
  Rendered collection of layouts/partials/_sidenav_subitem.html.erb [2 times] (Duration: 0.4ms | Allocations: 295)
  Rendered collection of layouts/partials/_sidenav_subitem.html.erb [3 times] (Duration: 1.0ms | Allocations: 647)
  Rendered collection of layouts/partials/_sidenav_subitem.html.erb [5 times] (Duration: 1.2ms | Allocations: 384)
  Rendered collection of layouts/partials/_sidenav_subitem.html.erb [2 times] (Duration: 0.6ms | Allocations: 158)
  Rendered collection of layouts/partials/_sidenav_subitem.html.erb [3 times] (Duration: 4.2ms | Allocations: 1175)
  Rendered collection of layouts/partials/_sidenav_subitem.html.erb [3 times] (Duration: 0.8ms | Allocations: 240)
  Rendered collection of layouts/partials/_sidenav_subitem.html.erb [3 times] (Duration: 1.0ms | Allocations: 234)
  Rendered collection of layouts/partials/_sidenav_subitem.html.erb [3 times] (Duration: 2.0ms | Allocations: 655)
  Rendered collection of layouts/partials/_sidenav_subitem.html.erb [2 times] (Duration: 0.6ms | Allocations: 158)
  Rendered collection of layouts/partials/_sidenav_subitem.html.erb [3 times] (Duration: 2.0ms | Allocations: 542)
  Rendered collection of layouts/partials/_sidenav_subitem.html.erb [1 times] (Duration: 0.3ms | Allocations: 79)
  Rendered collection of layouts/partials/_sidenav_subitem.html.erb [2 times] (Duration: 0.7ms | Allocations: 158)
  Rendered collection of layouts/partials/_sidenav_subitem.html.erb [3 times] (Duration: 1.8ms | Allocations: 542)
  Rendered collection of layouts/partials/_sidenav_subitem.html.erb [1 times] (Duration: 0.3ms | Allocations: 79)
  Rendered collection of layouts/partials/_sidenav_subitem.html.erb [7 times] (Duration: 10.8ms | Allocations: 3688)
  Rendered collection of layouts/partials/_sidenav_subitem.html.erb [1 times] (Duration: 0.2ms | Allocations: 79)
  Rendered collection of layouts/partials/_sidenav_subitem.html.erb [3 times] (Duration: 21.2ms | Allocations: 5806)
  Rendered collection of layouts/partials/_sidenav_item.html.erb [16 times] (Duration: 213.7ms | Allocations: 65698)
  Rendered layouts/partials/_sidenav.html.erb (Duration: 1365.9ms | Allocations: 388078)
  Rendered layouts/partials/_notices.html.erb (Duration: 0.2ms | Allocations: 13)
  Rendered layouts/partials/_feedback.html.erb (Duration: 1.3ms | Allocations: 432)
Completed 200 OK in 2112ms (Views: 1422.1ms | ActiveRecord: 0.0ms | Allocations: 542464)


Started GET "/messaging/sms/api-reference" for ::1 at 2020-02-27 10:45:54 +0200
Processing by MarkdownController#api as HTML
  Parameters: {"product"=>"messaging/sms"}
  [1m[36mRedirect Load (0.5ms)[0m  [1m[34mSELECT "redirects".* FROM "redirects" WHERE "redirects"."url" = $1 ORDER BY "redirects"."id" ASC LIMIT $2[0m  [["url", "/messaging/sms/api-reference"], ["LIMIT", 1]]
  ↳ app/services/redirector.rb:12:in `find'
  [1m[36mRedirect Update All (0.5ms)[0m  [1m[33mUPDATE "redirects" SET "uses" = COALESCE("uses", 0) + $1 WHERE "redirects"."id" = $2[0m  [["uses", 1], ["id", "a077a12f-164d-4339-b531-4d371e9873ac"]]
  ↳ app/services/redirector.rb:12:in `find'
Redirected to http://localhost:3000/api/sms
Completed 302 Found in 4ms (ActiveRecord: 0.9ms | Allocations: 1878)


Started GET "/api/sms" for ::1 at 2020-02-27 10:45:54 +0200
Started GET "/api/__sinatra__/500.png" for ::1 at 2020-02-27 10:45:55 +0200
Not delivering sessions due to an invalid api_key
No Algolia config found. Search is now disabled
No valid API key has been set, notifications will not be sent
Not notifying due to an invalid api_key
No Algolia config found. Search is now disabled
No valid API key has been set, notifications will not be sent
Not notifying due to an invalid api_key
No Algolia config found. Search is now disabled
No valid API key has been set, notifications will not be sent
Not notifying due to an invalid api_key
No Algolia config found. Search is now disabled
No valid API key has been set, notifications will not be sent
Not notifying due to an invalid api_key
No Algolia config found. Search is now disabled
No valid API key has been set, notifications will not be sent
Not notifying due to an invalid api_key
No Algolia config found. Search is now disabled
No valid API key has been set, notifications will not be sent
Not notifying due to an invalid api_key
No Algolia config found. Search is now disabled
No valid API key has been set, notifications will not be sent
Not notifying due to an invalid api_key
No Algolia config found. Search is now disabled
No valid API key has been set, notifications will not be sent
No Algolia config found. Search is now disabled
No valid API key has been set, notifications will not be sent
Not notifying due to an invalid api_key
No Algolia config found. Search is now disabled
No valid API key has been set, notifications will not be sent
Not notifying due to an invalid api_key
No Algolia config found. Search is now disabled
No valid API key has been set, notifications will not be sent
Not notifying due to an invalid api_key
No Algolia config found. Search is now disabled
No valid API key has been set, notifications will not be sent
Not notifying due to an invalid api_key
No Algolia config found. Search is now disabled
No valid API key has been set, notifications will not be sent
Not notifying due to an invalid api_key
No Algolia config found. Search is now disabled
No valid API key has been set, notifications will not be sent
Not notifying due to an invalid api_key
No Algolia config found. Search is now disabled
No valid API key has been set, notifications will not be sent
Not notifying due to an invalid api_key
No Algolia config found. Search is now disabled
No valid API key has been set, notifications will not be sent
Not notifying due to an invalid api_key
No Algolia config found. Search is now disabled
No valid API key has been set, notifications will not be sent
Not notifying due to an invalid api_key
No Algolia config found. Search is now disabled
No valid API key has been set, notifications will not be sent
Not notifying due to an invalid api_key
No Algolia config found. Search is now disabled
No valid API key has been set, notifications will not be sent
Not notifying due to an invalid api_key
No Algolia config found. Search is now disabled
No valid API key has been set, notifications will not be sent
Not notifying due to an invalid api_key
No Algolia config found. Search is now disabled
No valid API key has been set, notifications will not be sent
Not notifying due to an invalid api_key
No Algolia config found. Search is now disabled
No valid API key has been set, notifications will not be sent
Not notifying due to an invalid api_key
No Algolia config found. Search is now disabled
No valid API key has been set, notifications will not be sent
Not notifying due to an invalid api_key
No Algolia config found. Search is now disabled
No valid API key has been set, notifications will not be sent
Not notifying due to an invalid api_key
No Algolia config found. Search is now disabled
No valid API key has been set, notifications will not be sent
Not notifying due to an invalid api_key
No Algolia config found. Search is now disabled
No valid API key has been set, notifications will not be sent
Not notifying due to an invalid api_key
No Algolia config found. Search is now disabled
No valid API key has been set, notifications will not be sent
Not notifying due to an invalid api_key
No Algolia config found. Search is now disabled
No valid API key has been set, notifications will not be sent
Not notifying due to an invalid api_key
No Algolia config found. Search is now disabled
No valid API key has been set, notifications will not be sent
Not notifying due to an invalid api_key
No Algolia config found. Search is now disabled
No valid API key has been set, notifications will not be sent
Started GET "/messaging/sms/code-snippets/send-an-sms" for ::1 at 2020-02-27 11:58:46 +0200
  [1m[35m (3.2ms)[0m  [1m[34mSELECT "schema_migrations"."version" FROM "schema_migrations" ORDER BY "schema_migrations"."version" ASC[0m
Processing by MarkdownController#show as HTML
  Parameters: {"namespace"=>"", "product"=>"messaging/sms", "document"=>"code-snippets/send-an-sms"}
  Rendering markdown/show.html.erb within layouts/documentation
  Rendered markdown/show.html.erb within layouts/documentation (Duration: 1.7ms | Allocations: 382)
[Webpacker] Everything's up-to-date. Nothing to do
  Rendered layouts/partials/_head.html.erb (Duration: 202.7ms | Allocations: 80750)
  Rendered layouts/partials/_post-body-tags.html.erb (Duration: 0.4ms | Allocations: 133)
  Rendered layouts/partials/_header.html.erb (Duration: 6.4ms | Allocations: 4154)
  Rendered layouts/partials/_sidenav.html.erb (Duration: 372.6ms | Allocations: 68657)
Not notifying due to an invalid api_key
  Rendering static/404.html.erb within layouts/application
  Rendered static/404.html.erb within layouts/application (Duration: 1.1ms | Allocations: 315)
[Webpacker] Everything's up-to-date. Nothing to do
  Rendered layouts/partials/_head.html.erb (Duration: 52.8ms | Allocations: 24526)
  Rendered layouts/partials/_post-body-tags.html.erb (Duration: 0.0ms | Allocations: 7)
  Rendered layouts/partials/_header.html.erb (Duration: 5.2ms | Allocations: 3198)
  Rendered layouts/partials/_notices.html.erb (Duration: 1.5ms | Allocations: 277)
  Rendered layouts/partials/_footer.html.erb (Duration: 3.3ms | Allocations: 724)
Completed 404 Not Found in 1862ms (Views: 70.7ms | ActiveRecord: 0.0ms | Allocations: 410256)


Started GET "/" for ::1 at 2020-02-27 11:58:54 +0200
Processing by StaticController#landing as HTML
  Rendering static/landing.html.erb within layouts/landing
  Rendered static/_products.html.erb (Duration: 1.6ms | Allocations: 603)
  Rendered static/landing.html.erb within layouts/landing (Duration: 3.3ms | Allocations: 1000)
[Webpacker] Everything's up-to-date. Nothing to do
  Rendered layouts/partials/_head.html.erb (Duration: 41.4ms | Allocations: 24533)
  Rendered layouts/partials/_post-body-tags.html.erb (Duration: 0.0ms | Allocations: 7)
  Rendered layouts/partials/_header.html.erb (Duration: 4.9ms | Allocations: 3191)
  Rendered layouts/partials/_notices.html.erb (Duration: 0.1ms | Allocations: 12)
  Rendered layouts/partials/_footer.html.erb (Duration: 1.3ms | Allocations: 540)
Completed 200 OK in 57ms (Views: 56.0ms | ActiveRecord: 0.0ms | Allocations: 30810)


Started GET "/messaging/sms/overview" for ::1 at 2020-02-27 11:58:56 +0200
Processing by MarkdownController#show as HTML
  Parameters: {"namespace"=>"", "product"=>"messaging/sms", "document"=>"overview"}
  Rendering markdown/show.html.erb within layouts/documentation
  Rendered markdown/show.html.erb within layouts/documentation (Duration: 0.1ms | Allocations: 8)
[Webpacker] Everything's up-to-date. Nothing to do
  Rendered layouts/partials/_head.html.erb (Duration: 40.1ms | Allocations: 24507)
  Rendered layouts/partials/_post-body-tags.html.erb (Duration: 0.0ms | Allocations: 7)
  Rendered layouts/partials/_header.html.erb (Duration: 3.8ms | Allocations: 3191)
  Rendered layouts/partials/_sidenav.html.erb (Duration: 186.4ms | Allocations: 62438)
Not notifying due to an invalid api_key
  Rendering static/404.html.erb within layouts/application
  Rendered static/404.html.erb within layouts/application (Duration: 0.0ms | Allocations: 5)
[Webpacker] Everything's up-to-date. Nothing to do
  Rendered layouts/partials/_head.html.erb (Duration: 27.0ms | Allocations: 24516)
  Rendered layouts/partials/_post-body-tags.html.erb (Duration: 0.0ms | Allocations: 7)
  Rendered layouts/partials/_header.html.erb (Duration: 2.8ms | Allocations: 3196)
  Rendered layouts/partials/_notices.html.erb (Duration: 0.0ms | Allocations: 13)
  Rendered layouts/partials/_footer.html.erb (Duration: 0.7ms | Allocations: 540)
Completed 404 Not Found in 1268ms (Views: 31.8ms | ActiveRecord: 0.0ms | Allocations: 328650)


Not delivering sessions due to an invalid api_key
Started GET "/messaging/sms/overview" for ::1 at 2020-02-27 11:59:26 +0200
Processing by MarkdownController#show as HTML
  Parameters: {"namespace"=>"", "product"=>"messaging/sms", "document"=>"overview"}
  Rendering markdown/show.html.erb within layouts/documentation
  Rendered markdown/show.html.erb within layouts/documentation (Duration: 0.1ms | Allocations: 7)
[Webpacker] Everything's up-to-date. Nothing to do
  Rendered layouts/partials/_head.html.erb (Duration: 34.0ms | Allocations: 24506)
  Rendered layouts/partials/_post-body-tags.html.erb (Duration: 0.0ms | Allocations: 7)
  Rendered layouts/partials/_header.html.erb (Duration: 3.0ms | Allocations: 3191)
  Rendered layouts/partials/_sidenav.html.erb (Duration: 178.1ms | Allocations: 63548)
Completed 500 Internal Server Error in 1191ms (ActiveRecord: 0.0ms | Allocations: 302027)


Not notifying due to an invalid api_key

Nexmo::Markdown::DocFinder::MissingDoc - key not found: "config/tutorials/two-factor-authentication-dotnet-verify-api....:
  app/presenters/sidenav_resolver.rb:112:in `document_meta'
  app/presenters/sidenav_resolver.rb:108:in `navigation_weight_from_meta'
  app/presenters/sidenav_resolver.rb:73:in `block in sort_navigation'
  app/presenters/sidenav_resolver.rb:64:in `sort_navigation'
  app/presenters/sidenav_resolver.rb:79:in `block in sort_navigation'
  app/presenters/sidenav_resolver.rb:78:in `sort_navigation'
  app/presenters/sidenav_resolver.rb:59:in `directories'
  app/presenters/sidenav_resolver.rb:35:in `block in directories'
  app/presenters/sidenav_resolver.rb:22:in `directories'
  app/presenters/sidenav_resolver.rb:14:in `items'
  app/presenters/sidenav.rb:42:in `children'
  app/presenters/sidenav.rb:53:in `items'
  app/presenters/sidenav.rb:18:in `nav_items'
  app/views/layouts/partials/_sidenav.html.erb:2
  app/views/layouts/documentation.html.erb:11
  app/views/layouts/documentation.html.erb:10
  app/controllers/markdown_controller.rb:29:in `show'
  app/middleware/nexmo_developer/visitor_id.rb:10:in `call'
  app/middleware/nexmo_developer/building_block_redirect.rb:15:in `call'

Started POST "/__better_errors/3fe83c732e9cf2d0/variables" for ::1 at 2020-02-27 11:59:27 +0200
Not delivering sessions due to an invalid api_key
No Algolia config found. Search is now disabled
No valid API key has been set, notifications will not be sent
Started GET "/messaging/sms/overview" for ::1 at 2020-02-27 12:00:12 +0200
  [1m[35m (0.6ms)[0m  [1m[34mSELECT "schema_migrations"."version" FROM "schema_migrations" ORDER BY "schema_migrations"."version" ASC[0m
Processing by MarkdownController#show as HTML
  Parameters: {"namespace"=>"", "product"=>"messaging/sms", "document"=>"overview"}
  Rendering markdown/show.html.erb within layouts/documentation
  Rendered markdown/show.html.erb within layouts/documentation (Duration: 1.5ms | Allocations: 382)
[Webpacker] Everything's up-to-date. Nothing to do
  Rendered layouts/partials/_head.html.erb (Duration: 232.1ms | Allocations: 80730)
  Rendered layouts/partials/_post-body-tags.html.erb (Duration: 1.2ms | Allocations: 133)
  Rendered layouts/partials/_header.html.erb (Duration: 9.2ms | Allocations: 4154)
  Rendered layouts/partials/_sidenav.html.erb (Duration: 206.5ms | Allocations: 64372)
Completed 500 Internal Server Error in 1446ms (ActiveRecord: 0.0ms | Allocations: 382903)


Not notifying due to an invalid api_key

Nexmo::Markdown::DocFinder::MissingDoc - key not found: "config/tutorials/two-factor-authentication-dotnet-verify-api....:
  app/presenters/sidenav_resolver.rb:112:in `document_meta'
  app/presenters/sidenav_resolver.rb:108:in `navigation_weight_from_meta'
  app/presenters/sidenav_resolver.rb:73:in `block in sort_navigation'
  app/presenters/sidenav_resolver.rb:64:in `sort_navigation'
  app/presenters/sidenav_resolver.rb:79:in `block in sort_navigation'
  app/presenters/sidenav_resolver.rb:78:in `sort_navigation'
  app/presenters/sidenav_resolver.rb:59:in `directories'
  app/presenters/sidenav_resolver.rb:35:in `block in directories'
  app/presenters/sidenav_resolver.rb:22:in `directories'
  app/presenters/sidenav_resolver.rb:14:in `items'
  app/presenters/sidenav.rb:42:in `children'
  app/presenters/sidenav.rb:53:in `items'
  app/presenters/sidenav.rb:18:in `nav_items'
  app/views/layouts/partials/_sidenav.html.erb:2
  app/views/layouts/documentation.html.erb:11
  app/views/layouts/documentation.html.erb:10
  app/controllers/markdown_controller.rb:29:in `show'
  app/middleware/nexmo_developer/visitor_id.rb:10:in `call'
  app/middleware/nexmo_developer/building_block_redirect.rb:15:in `call'

Started POST "/__better_errors/7ecd52c1929ef344/variables" for ::1 at 2020-02-27 12:00:14 +0200
Started POST "/__better_errors/7ecd52c1929ef344/eval" for ::1 at 2020-02-27 12:00:19 +0200
Started POST "/__better_errors/7ecd52c1929ef344/eval" for ::1 at 2020-02-27 12:00:26 +0200
Not delivering sessions due to an invalid api_key
No Algolia config found. Search is now disabled
No valid API key has been set, notifications will not be sent
Started GET "/messaging/sms/overview" for ::1 at 2020-02-27 12:01:39 +0200
  [1m[35m (0.6ms)[0m  [1m[34mSELECT "schema_migrations"."version" FROM "schema_migrations" ORDER BY "schema_migrations"."version" ASC[0m
Processing by MarkdownController#show as HTML
  Parameters: {"namespace"=>"", "product"=>"messaging/sms", "document"=>"overview"}
  Rendering markdown/show.html.erb within layouts/documentation
  Rendered markdown/show.html.erb within layouts/documentation (Duration: 1.6ms | Allocations: 382)
[Webpacker] Everything's up-to-date. Nothing to do
  Rendered layouts/partials/_head.html.erb (Duration: 225.8ms | Allocations: 80735)
  Rendered layouts/partials/_post-body-tags.html.erb (Duration: 1.2ms | Allocations: 133)
  Rendered layouts/partials/_header.html.erb (Duration: 10.0ms | Allocations: 4154)
  Rendered layouts/partials/_sidenav.html.erb (Duration: 212.5ms | Allocations: 64376)
Completed 500 Internal Server Error in 1504ms (ActiveRecord: 0.0ms | Allocations: 382908)


Not notifying due to an invalid api_key

Nexmo::Markdown::DocFinder::MissingDoc - key not found: "config/tutorials/two-factor-authentication-dotnet-verify-api....:
  app/presenters/sidenav_resolver.rb:112:in `document_meta'
  app/presenters/sidenav_resolver.rb:108:in `navigation_weight_from_meta'
  app/presenters/sidenav_resolver.rb:73:in `block in sort_navigation'
  app/presenters/sidenav_resolver.rb:64:in `sort_navigation'
  app/presenters/sidenav_resolver.rb:79:in `block in sort_navigation'
  app/presenters/sidenav_resolver.rb:78:in `sort_navigation'
  app/presenters/sidenav_resolver.rb:59:in `directories'
  app/presenters/sidenav_resolver.rb:35:in `block in directories'
  app/presenters/sidenav_resolver.rb:22:in `directories'
  app/presenters/sidenav_resolver.rb:14:in `items'
  app/presenters/sidenav.rb:42:in `children'
  app/presenters/sidenav.rb:53:in `items'
  app/presenters/sidenav.rb:18:in `nav_items'
  app/views/layouts/partials/_sidenav.html.erb:2
  app/views/layouts/documentation.html.erb:11
  app/views/layouts/documentation.html.erb:10
  app/controllers/markdown_controller.rb:29:in `show'
  app/middleware/nexmo_developer/visitor_id.rb:10:in `call'
  app/middleware/nexmo_developer/building_block_redirect.rb:15:in `call'

Started POST "/__better_errors/ebcfc8540df063f5/variables" for ::1 at 2020-02-27 12:01:41 +0200
Started GET "/messaging/sms/overview" for ::1 at 2020-02-27 12:01:47 +0200
Processing by MarkdownController#show as HTML
  Parameters: {"namespace"=>"", "product"=>"messaging/sms", "document"=>"overview"}
  Rendering markdown/show.html.erb within layouts/documentation
  Rendered markdown/show.html.erb within layouts/documentation (Duration: 0.1ms | Allocations: 8)
[Webpacker] Everything's up-to-date. Nothing to do
  Rendered layouts/partials/_head.html.erb (Duration: 52.3ms | Allocations: 24508)
  Rendered layouts/partials/_post-body-tags.html.erb (Duration: 0.0ms | Allocations: 7)
  Rendered layouts/partials/_header.html.erb (Duration: 3.6ms | Allocations: 3191)
  Rendered layouts/partials/_sidenav.html.erb (Duration: 158.6ms | Allocations: 62435)
Completed 500 Internal Server Error in 1167ms (ActiveRecord: 0.0ms | Allocations: 299480)


Not notifying due to an invalid api_key

Nexmo::Markdown::DocFinder::MissingDoc - key not found: "config/tutorials/two-factor-authentication-dotnet-verify-api....:
  app/presenters/sidenav_resolver.rb:112:in `document_meta'
  app/presenters/sidenav_resolver.rb:108:in `navigation_weight_from_meta'
  app/presenters/sidenav_resolver.rb:73:in `block in sort_navigation'
  app/presenters/sidenav_resolver.rb:64:in `sort_navigation'
  app/presenters/sidenav_resolver.rb:79:in `block in sort_navigation'
  app/presenters/sidenav_resolver.rb:78:in `sort_navigation'
  app/presenters/sidenav_resolver.rb:59:in `directories'
  app/presenters/sidenav_resolver.rb:35:in `block in directories'
  app/presenters/sidenav_resolver.rb:22:in `directories'
  app/presenters/sidenav_resolver.rb:14:in `items'
  app/presenters/sidenav.rb:42:in `children'
  app/presenters/sidenav.rb:53:in `items'
  app/presenters/sidenav.rb:18:in `nav_items'
  app/views/layouts/partials/_sidenav.html.erb:2
  app/views/layouts/documentation.html.erb:11
  app/views/layouts/documentation.html.erb:10
  app/controllers/markdown_controller.rb:29:in `show'
  app/middleware/nexmo_developer/visitor_id.rb:10:in `call'
  app/middleware/nexmo_developer/building_block_redirect.rb:15:in `call'

Started POST "/__better_errors/f20581028fce10de/variables" for ::1 at 2020-02-27 12:01:48 +0200
Not delivering sessions due to an invalid api_key
Started POST "/__better_errors/f20581028fce10de/eval" for ::1 at 2020-02-27 12:02:10 +0200
Started POST "/__better_errors/f20581028fce10de/eval" for ::1 at 2020-02-27 12:02:15 +0200
No Algolia config found. Search is now disabled
No valid API key has been set, notifications will not be sent
Started GET "/messaging/sms/overview" for ::1 at 2020-02-27 12:05:18 +0200
  [1m[35m (0.6ms)[0m  [1m[34mSELECT "schema_migrations"."version" FROM "schema_migrations" ORDER BY "schema_migrations"."version" ASC[0m
Processing by MarkdownController#show as HTML
  Parameters: {"namespace"=>"", "product"=>"messaging/sms", "document"=>"overview"}
  Rendering markdown/show.html.erb within layouts/documentation
  Rendered markdown/show.html.erb within layouts/documentation (Duration: 1.4ms | Allocations: 382)
[Webpacker] Everything's up-to-date. Nothing to do
  Rendered layouts/partials/_head.html.erb (Duration: 192.9ms | Allocations: 80728)
  Rendered layouts/partials/_post-body-tags.html.erb (Duration: 0.4ms | Allocations: 133)
  Rendered layouts/partials/_header.html.erb (Duration: 7.0ms | Allocations: 4154)
  Rendered collection of layouts/partials/_sidenav_subitem.html.erb [5 times] (Duration: 0.9ms | Allocations: 375)
  Rendered collection of layouts/partials/_sidenav_subitem.html.erb [2 times] (Duration: 2.7ms | Allocations: 1258)
  Rendered collection of layouts/partials/_sidenav_subitem.html.erb [5 times] (Duration: 1.2ms | Allocations: 395)
  Rendered collection of layouts/partials/_sidenav_subitem.html.erb [4 times] (Duration: 2.2ms | Allocations: 955)
  Rendered collection of layouts/partials/_sidenav_subitem.html.erb [5 times] (Duration: 1.0ms | Allocations: 398)
  Rendered collection of layouts/partials/_sidenav_subitem.html.erb [11 times] (Duration: 2.7ms | Allocations: 861)
  Rendered collection of layouts/partials/_sidenav_subitem.html.erb [1 times] (Duration: 0.2ms | Allocations: 81)
  Rendered collection of layouts/partials/_sidenav_subitem.html.erb [1 times] (Duration: 0.2ms | Allocations: 81)
  Rendered collection of layouts/partials/_sidenav_subitem.html.erb [6 times] (Duration: 1.2ms | Allocations: 467)
  Rendered collection of layouts/partials/_sidenav_subitem.html.erb [2 times] (Duration: 0.4ms | Allocations: 161)
  Rendered collection of layouts/partials/_sidenav_subitem.html.erb [12 times] (Duration: 8.9ms | Allocations: 3704)
  Rendered collection of layouts/partials/_sidenav_subitem.html.erb [6 times] (Duration: 4.0ms | Allocations: 2607)
  Rendered collection of layouts/partials/_sidenav_subitem.html.erb [2 times] (Duration: 0.3ms | Allocations: 151)
  Rendered collection of layouts/partials/_sidenav_subitem.html.erb [6 times] (Duration: 16.4ms | Allocations: 8430)
  Rendered collection of layouts/partials/_sidenav_subitem.html.erb [7 times] (Duration: 1.2ms | Allocations: 546)
  Rendered collection of layouts/partials/_sidenav_subitem.html.erb [5 times] (Duration: 0.9ms | Allocations: 391)
  Rendered collection of layouts/partials/_sidenav_subitem.html.erb [15 times] (Duration: 1.1ms | Allocations: 714)
  Rendered collection of layouts/partials/_sidenav_subitem.html.erb [5 times] (Duration: 2.0ms | Allocations: 863)
  Rendered collection of layouts/partials/_sidenav_subitem.html.erb [1 times] (Duration: 0.2ms | Allocations: 79)
  Rendered collection of layouts/partials/_sidenav_subitem.html.erb [7 times] (Duration: 8.5ms | Allocations: 4506)
  Rendered collection of layouts/partials/_sidenav_subitem.html.erb [3 times] (Duration: 0.8ms | Allocations: 221)
  Rendered collection of layouts/partials/_sidenav_subitem.html.erb [2 times] (Duration: 1.3ms | Allocations: 544)
  Rendered collection of layouts/partials/_sidenav_subitem.html.erb [1 times] (Duration: 0.2ms | Allocations: 76)
  Rendered collection of layouts/partials/_sidenav_subitem.html.erb [3 times] (Duration: 11.2ms | Allocations: 5930)
  Rendered collection of layouts/partials/_sidenav_subitem.html.erb [1 times] (Duration: 0.3ms | Allocations: 88)
  Rendered collection of layouts/partials/_sidenav_subitem.html.erb [8 times] (Duration: 1.9ms | Allocations: 620)
  Rendered collection of layouts/partials/_sidenav_subitem.html.erb [1 times] (Duration: 0.3ms | Allocations: 208)
  Rendered collection of layouts/partials/_sidenav_subitem.html.erb [1 times] (Duration: 0.6ms | Allocations: 177)
  Rendered collection of layouts/partials/_sidenav_subitem.html.erb [2 times] (Duration: 0.4ms | Allocations: 151)
  Rendered collection of layouts/partials/_sidenav_subitem.html.erb [7 times] (Duration: 6.0ms | Allocations: 2595)
  Rendered collection of layouts/partials/_sidenav_subitem.html.erb [11 times] (Duration: 2.6ms | Allocations: 838)
  Rendered collection of layouts/partials/_sidenav_subitem.html.erb [22 times] (Duration: 5.6ms | Allocations: 1684)
  Rendered collection of layouts/partials/_sidenav_subitem.html.erb [9 times] (Duration: 3.7ms | Allocations: 1546)
  Rendered collection of layouts/partials/_sidenav_subitem.html.erb [7 times] (Duration: 15.6ms | Allocations: 6237)
  Rendered collection of layouts/partials/_sidenav_subitem.html.erb [1 times] (Duration: 0.2ms | Allocations: 80)
  Rendered collection of layouts/partials/_sidenav_subitem.html.erb [9 times] (Duration: 2.2ms | Allocations: 677)
  Rendered collection of layouts/partials/_sidenav_subitem.html.erb [3 times] (Duration: 3.3ms | Allocations: 1489)
  Rendered collection of layouts/partials/_sidenav_subitem.html.erb [2 times] (Duration: 19.5ms | Allocations: 8370)
  Rendered collection of layouts/partials/_sidenav_subitem.html.erb [4 times] (Duration: 0.9ms | Allocations: 318)
  Rendered collection of layouts/partials/_sidenav_subitem.html.erb [7 times] (Duration: 2.0ms | Allocations: 541)
  Rendered collection of layouts/partials/_sidenav_subitem.html.erb [1 times] (Duration: 0.1ms | Allocations: 56)
  Rendered collection of layouts/partials/_sidenav_subitem.html.erb [2 times] (Duration: 1.1ms | Allocations: 349)
  Rendered collection of layouts/partials/_sidenav_subitem.html.erb [6 times] (Duration: 7.0ms | Allocations: 2489)
  Rendered collection of layouts/partials/_sidenav_subitem.html.erb [2 times] (Duration: 0.5ms | Allocations: 163)
  Rendered collection of layouts/partials/_sidenav_subitem.html.erb [6 times] (Duration: 1.6ms | Allocations: 467)
  Rendered collection of layouts/partials/_sidenav_subitem.html.erb [1 times] (Duration: 0.1ms | Allocations: 53)
  Rendered collection of layouts/partials/_sidenav_subitem.html.erb [3 times] (Duration: 1.2ms | Allocations: 520)
  Rendered collection of layouts/partials/_sidenav_subitem.html.erb [6 times] (Duration: 5.7ms | Allocations: 2358)
  Rendered collection of layouts/partials/_sidenav_subitem.html.erb [10 times] (Duration: 1.9ms | Allocations: 725)
  Rendered collection of layouts/partials/_sidenav_subitem.html.erb [4 times] (Duration: 0.8ms | Allocations: 314)
  Rendered collection of layouts/partials/_sidenav_subitem.html.erb [8 times] (Duration: 2.8ms | Allocations: 614)
  Rendered collection of layouts/partials/_sidenav_subitem.html.erb [7 times] (Duration: 2.4ms | Allocations: 535)
  Rendered collection of layouts/partials/_sidenav_subitem.html.erb [10 times] (Duration: 2.2ms | Allocations: 763)
  Rendered collection of layouts/partials/_sidenav_subitem.html.erb [2 times] (Duration: 0.4ms | Allocations: 153)
  Rendered collection of layouts/partials/_sidenav_subitem.html.erb [7 times] (Duration: 1.5ms | Allocations: 535)
  Rendered collection of layouts/partials/_sidenav_subitem.html.erb [5 times] (Duration: 12.5ms | Allocations: 4533)
  Rendered collection of layouts/partials/_sidenav_subitem.html.erb [1 times] (Duration: 0.4ms | Allocations: 178)
  Rendered collection of layouts/partials/_sidenav_subitem.html.erb [6 times] (Duration: 18.7ms | Allocations: 7156)
  Rendered collection of layouts/partials/_sidenav_subitem.html.erb [3 times] (Duration: 0.5ms | Allocations: 219)
  Rendered collection of layouts/partials/_sidenav_subitem.html.erb [2 times] (Duration: 0.5ms | Allocations: 163)
  Rendered collection of layouts/partials/_sidenav_subitem.html.erb [3 times] (Duration: 0.6ms | Allocations: 233)
  Rendered collection of layouts/partials/_sidenav_subitem.html.erb [2 times] (Duration: 1.1ms | Allocations: 564)
  Rendered collection of layouts/partials/_sidenav_subitem.html.erb [3 times] (Duration: 0.4ms | Allocations: 209)
  Rendered collection of layouts/partials/_sidenav_subitem.html.erb [1 times] (Duration: 0.5ms | Allocations: 82)
  Rendered collection of layouts/partials/_sidenav_subitem.html.erb [4 times] (Duration: 0.7ms | Allocations: 306)
  Rendered collection of layouts/partials/_sidenav_subitem.html.erb [4 times] (Duration: 2.7ms | Allocations: 1419)
  Rendered collection of layouts/partials/_sidenav_subitem.html.erb [4 times] (Duration: 1.7ms | Allocations: 689)
  Rendered collection of layouts/partials/_sidenav_subitem.html.erb [5 times] (Duration: 1.0ms | Allocations: 729)
  Rendered collection of layouts/partials/_sidenav_subitem.html.erb [2 times] (Duration: 0.4ms | Allocations: 157)
  Rendered collection of layouts/partials/_sidenav_subitem.html.erb [2 times] (Duration: 0.4ms | Allocations: 157)
  Rendered collection of layouts/partials/_sidenav_subitem.html.erb [2 times] (Duration: 0.6ms | Allocations: 157)
  Rendered collection of layouts/partials/_sidenav_subitem.html.erb [3 times] (Duration: 2.3ms | Allocations: 1145)
  Rendered collection of layouts/partials/_sidenav_subitem.html.erb [10 times] (Duration: 14.3ms | Allocations: 6959)
  Rendered collection of layouts/partials/_sidenav_subitem.html.erb [5 times] (Duration: 1.1ms | Allocations: 391)
  Rendered collection of layouts/partials/_sidenav_subitem.html.erb [5 times] (Duration: 1.0ms | Allocations: 385)
  Rendered collection of layouts/partials/_sidenav_subitem.html.erb [4 times] (Duration: 4.5ms | Allocations: 1563)
  Rendered collection of layouts/partials/_sidenav_subitem.html.erb [1 times] (Duration: 0.6ms | Allocations: 82)
  Rendered collection of layouts/partials/_sidenav_subitem.html.erb [6 times] (Duration: 1.7ms | Allocations: 461)
  Rendered collection of layouts/partials/_sidenav_subitem.html.erb [9 times] (Duration: 1.9ms | Allocations: 689)
  Rendered collection of layouts/partials/_sidenav_subitem.html.erb [1 times] (Duration: 0.3ms | Allocations: 177)
  Rendered collection of layouts/partials/_sidenav_subitem.html.erb [4 times] (Duration: 3.7ms | Allocations: 1674)
  Rendered collection of layouts/partials/_sidenav_subitem.html.erb [6 times] (Duration: 7.7ms | Allocations: 3287)
  Rendered collection of layouts/partials/_sidenav_subitem.html.erb [1 times] (Duration: 0.5ms | Allocations: 81)
  Rendered collection of layouts/partials/_sidenav_subitem.html.erb [1 times] (Duration: 0.2ms | Allocations: 81)
  Rendered collection of layouts/partials/_sidenav_subitem.html.erb [4 times] (Duration: 3.6ms | Allocations: 687)
  Rendered collection of layouts/partials/_sidenav_subitem.html.erb [1 times] (Duration: 0.4ms | Allocations: 82)
  Rendered collection of layouts/partials/_sidenav_subitem.html.erb [4 times] (Duration: 0.7ms | Allocations: 310)
  Rendered collection of layouts/partials/_sidenav_subitem.html.erb [1 times] (Duration: 0.4ms | Allocations: 176)
  Rendered collection of layouts/partials/_sidenav_subitem.html.erb [5 times] (Duration: 3.5ms | Allocations: 1384)
  Rendered collection of layouts/partials/_sidenav_subitem.html.erb [2 times] (Duration: 0.6ms | Allocations: 295)
  Rendered collection of layouts/partials/_sidenav_subitem.html.erb [3 times] (Duration: 1.2ms | Allocations: 647)
  Rendered collection of layouts/partials/_sidenav_subitem.html.erb [5 times] (Duration: 1.0ms | Allocations: 384)
  Rendered collection of layouts/partials/_sidenav_subitem.html.erb [2 times] (Duration: 0.5ms | Allocations: 158)
  Rendered collection of layouts/partials/_sidenav_subitem.html.erb [3 times] (Duration: 2.6ms | Allocations: 1175)
  Rendered collection of layouts/partials/_sidenav_subitem.html.erb [3 times] (Duration: 0.6ms | Allocations: 240)
  Rendered collection of layouts/partials/_sidenav_subitem.html.erb [3 times] (Duration: 0.5ms | Allocations: 234)
  Rendered collection of layouts/partials/_sidenav_subitem.html.erb [3 times] (Duration: 1.1ms | Allocations: 655)
  Rendered collection of layouts/partials/_sidenav_subitem.html.erb [2 times] (Duration: 0.6ms | Allocations: 158)
  Rendered collection of layouts/partials/_sidenav_subitem.html.erb [3 times] (Duration: 4.0ms | Allocations: 542)
  Rendered collection of layouts/partials/_sidenav_subitem.html.erb [1 times] (Duration: 0.2ms | Allocations: 79)
  Rendered collection of layouts/partials/_sidenav_subitem.html.erb [2 times] (Duration: 0.5ms | Allocations: 158)
  Rendered collection of layouts/partials/_sidenav_subitem.html.erb [3 times] (Duration: 1.9ms | Allocations: 542)
  Rendered collection of layouts/partials/_sidenav_subitem.html.erb [1 times] (Duration: 0.4ms | Allocations: 79)
  Rendered collection of layouts/partials/_sidenav_subitem.html.erb [7 times] (Duration: 11.7ms | Allocations: 3688)
  Rendered collection of layouts/partials/_sidenav_subitem.html.erb [1 times] (Duration: 0.2ms | Allocations: 79)
  Rendered collection of layouts/partials/_sidenav_subitem.html.erb [3 times] (Duration: 15.6ms | Allocations: 5806)
  Rendered collection of layouts/partials/_sidenav_item.html.erb [16 times] (Duration: 154.0ms | Allocations: 65698)
  Rendered layouts/partials/_sidenav.html.erb (Duration: 1035.4ms | Allocations: 376159)
  Rendered layouts/partials/_notices.html.erb (Duration: 1.3ms | Allocations: 277)
  Rendered layouts/partials/_feedback.html.erb (Duration: 1.1ms | Allocations: 428)
Completed 200 OK in 2189ms (Views: 1247.1ms | ActiveRecord: 0.0ms | Allocations: 684310)


Started GET "/" for ::1 at 2020-02-27 12:05:26 +0200
Processing by StaticController#landing as HTML
  Rendering static/landing.html.erb within layouts/landing
  Rendered static/_products.html.erb (Duration: 1.3ms | Allocations: 603)
  Rendered static/landing.html.erb within layouts/landing (Duration: 2.9ms | Allocations: 1000)
[Webpacker] Everything's up-to-date. Nothing to do
  Rendered layouts/partials/_head.html.erb (Duration: 54.8ms | Allocations: 24536)
  Rendered layouts/partials/_post-body-tags.html.erb (Duration: 0.0ms | Allocations: 7)
  Rendered layouts/partials/_header.html.erb (Duration: 2.7ms | Allocations: 3191)
  Rendered layouts/partials/_notices.html.erb (Duration: 0.0ms | Allocations: 13)
  Rendered layouts/partials/_footer.html.erb (Duration: 2.2ms | Allocations: 727)
Completed 200 OK in 67ms (Views: 66.0ms | ActiveRecord: 0.0ms | Allocations: 31142)


Started GET "/voice/code-snippets" for ::1 at 2020-02-27 12:05:28 +0200
Processing by MarkdownController#show as HTML
  Parameters: {"namespace"=>"", "document"=>"voice/code-snippets"}
  [1m[36mRedirect Load (0.9ms)[0m  [1m[34mSELECT "redirects".* FROM "redirects" WHERE "redirects"."url" = $1 ORDER BY "redirects"."id" ASC LIMIT $2[0m  [["url", "/voice/code-snippets"], ["LIMIT", 1]]
  ↳ app/services/redirector.rb:12:in `find'
  [1m[36mRedirect Update All (1.2ms)[0m  [1m[33mUPDATE "redirects" SET "uses" = COALESCE("uses", 0) + $1 WHERE "redirects"."id" = $2[0m  [["uses", 1], ["id", "7c2b5d50-b911-410c-a878-d3eaa4500521"]]
  ↳ app/services/redirector.rb:12:in `find'
Redirected to http://localhost:3000/voice/voice-api/code-snippets/before-you-begin
Completed 302 Found in 18ms (ActiveRecord: 8.3ms | Allocations: 5150)


Started GET "/voice/voice-api/code-snippets/before-you-begin" for ::1 at 2020-02-27 12:05:28 +0200
Processing by MarkdownController#show as HTML
  Parameters: {"namespace"=>"", "product"=>"voice/voice-api", "document"=>"code-snippets/before-you-begin"}
  Rendering markdown/show.html.erb within layouts/documentation
  Rendered markdown/show.html.erb within layouts/documentation (Duration: 0.0ms | Allocations: 8)
[Webpacker] Everything's up-to-date. Nothing to do
  Rendered layouts/partials/_head.html.erb (Duration: 32.7ms | Allocations: 24508)
  Rendered layouts/partials/_post-body-tags.html.erb (Duration: 0.0ms | Allocations: 7)
  Rendered layouts/partials/_header.html.erb (Duration: 3.0ms | Allocations: 3191)
  Rendered collection of layouts/partials/_sidenav_subitem.html.erb [5 times] (Duration: 0.6ms | Allocations: 375)
  Rendered collection of layouts/partials/_sidenav_subitem.html.erb [2 times] (Duration: 1.1ms | Allocations: 766)
  Rendered collection of layouts/partials/_sidenav_subitem.html.erb [5 times] (Duration: 0.7ms | Allocations: 395)
  Rendered collection of layouts/partials/_sidenav_subitem.html.erb [4 times] (Duration: 1.5ms | Allocations: 950)
  Rendered collection of layouts/partials/_sidenav_subitem.html.erb [5 times] (Duration: 0.8ms | Allocations: 398)
  Rendered collection of layouts/partials/_sidenav_subitem.html.erb [11 times] (Duration: 1.4ms | Allocations: 861)
  Rendered collection of layouts/partials/_sidenav_subitem.html.erb [1 times] (Duration: 0.1ms | Allocations: 81)
  Rendered collection of layouts/partials/_sidenav_subitem.html.erb [1 times] (Duration: 0.1ms | Allocations: 81)
  Rendered collection of layouts/partials/_sidenav_subitem.html.erb [6 times] (Duration: 0.8ms | Allocations: 467)
  Rendered collection of layouts/partials/_sidenav_subitem.html.erb [2 times] (Duration: 0.3ms | Allocations: 161)
  Rendered collection of layouts/partials/_sidenav_subitem.html.erb [12 times] (Duration: 5.2ms | Allocations: 3679)
  Rendered collection of layouts/partials/_sidenav_subitem.html.erb [6 times] (Duration: 1.5ms | Allocations: 1043)
  Rendered collection of layouts/partials/_sidenav_subitem.html.erb [2 times] (Duration: 0.3ms | Allocations: 151)
  Rendered collection of layouts/partials/_sidenav_subitem.html.erb [6 times] (Duration: 9.3ms | Allocations: 6831)
  Rendered collection of layouts/partials/_sidenav_subitem.html.erb [7 times] (Duration: 1.1ms | Allocations: 546)
  Rendered collection of layouts/partials/_sidenav_subitem.html.erb [5 times] (Duration: 0.8ms | Allocations: 391)
  Rendered collection of layouts/partials/_sidenav_subitem.html.erb [15 times] (Duration: 0.8ms | Allocations: 714)
  Rendered collection of layouts/partials/_sidenav_subitem.html.erb [5 times] (Duration: 1.4ms | Allocations: 863)
  Rendered collection of layouts/partials/_sidenav_subitem.html.erb [1 times] (Duration: 0.2ms | Allocations: 79)
  Rendered collection of layouts/partials/_sidenav_subitem.html.erb [7 times] (Duration: 6.0ms | Allocations: 4496)
  Rendered collection of layouts/partials/_sidenav_subitem.html.erb [3 times] (Duration: 0.4ms | Allocations: 221)
  Rendered collection of layouts/partials/_sidenav_subitem.html.erb [2 times] (Duration: 0.9ms | Allocations: 544)
  Rendered collection of layouts/partials/_sidenav_subitem.html.erb [1 times] (Duration: 0.2ms | Allocations: 76)
  Rendered collection of layouts/partials/_sidenav_subitem.html.erb [3 times] (Duration: 7.9ms | Allocations: 5910)
  Rendered collection of layouts/partials/_sidenav_subitem.html.erb [1 times] (Duration: 0.2ms | Allocations: 88)
  Rendered collection of layouts/partials/_sidenav_subitem.html.erb [8 times] (Duration: 1.2ms | Allocations: 620)
  Rendered collection of layouts/partials/_sidenav_subitem.html.erb [1 times] (Duration: 0.2ms | Allocations: 150)
  Rendered collection of layouts/partials/_sidenav_subitem.html.erb [1 times] (Duration: 0.4ms | Allocations: 177)
  Rendered collection of layouts/partials/_sidenav_subitem.html.erb [2 times] (Duration: 0.4ms | Allocations: 151)
  Rendered collection of layouts/partials/_sidenav_subitem.html.erb [7 times] (Duration: 4.3ms | Allocations: 2537)
  Rendered collection of layouts/partials/_sidenav_subitem.html.erb [11 times] (Duration: 2.6ms | Allocations: 838)
  Rendered collection of layouts/partials/_sidenav_subitem.html.erb [22 times] (Duration: 3.9ms | Allocations: 1684)
  Rendered collection of layouts/partials/_sidenav_subitem.html.erb [9 times] (Duration: 2.5ms | Allocations: 1546)
  Rendered collection of layouts/partials/_sidenav_subitem.html.erb [7 times] (Duration: 11.9ms | Allocations: 6237)
  Rendered collection of layouts/partials/_sidenav_subitem.html.erb [1 times] (Duration: 0.2ms | Allocations: 80)
  Rendered collection of layouts/partials/_sidenav_subitem.html.erb [9 times] (Duration: 1.3ms | Allocations: 677)
  Rendered collection of layouts/partials/_sidenav_subitem.html.erb [3 times] (Duration: 2.2ms | Allocations: 1484)
  Rendered collection of layouts/partials/_sidenav_subitem.html.erb [2 times] (Duration: 14.7ms | Allocations: 8355)
  Rendered collection of layouts/partials/_sidenav_subitem.html.erb [4 times] (Duration: 0.7ms | Allocations: 318)
  Rendered collection of layouts/partials/_sidenav_subitem.html.erb [7 times] (Duration: 1.3ms | Allocations: 541)
  Rendered collection of layouts/partials/_sidenav_subitem.html.erb [1 times] (Duration: 0.1ms | Allocations: 55)
  Rendered collection of layouts/partials/_sidenav_subitem.html.erb [2 times] (Duration: 0.7ms | Allocations: 349)
  Rendered collection of layouts/partials/_sidenav_subitem.html.erb [6 times] (Duration: 4.3ms | Allocations: 2488)
  Rendered collection of layouts/partials/_sidenav_subitem.html.erb [2 times] (Duration: 0.4ms | Allocations: 163)
  Rendered collection of layouts/partials/_sidenav_subitem.html.erb [6 times] (Duration: 0.9ms | Allocations: 467)
  Rendered collection of layouts/partials/_sidenav_subitem.html.erb [1 times] (Duration: 0.1ms | Allocations: 53)
  Rendered collection of layouts/partials/_sidenav_subitem.html.erb [3 times] (Duration: 0.8ms | Allocations: 520)
  Rendered collection of layouts/partials/_sidenav_subitem.html.erb [6 times] (Duration: 3.4ms | Allocations: 2358)
  Rendered collection of layouts/partials/_sidenav_subitem.html.erb [10 times] (Duration: 1.7ms | Allocations: 725)
  Rendered collection of layouts/partials/_sidenav_subitem.html.erb [4 times] (Duration: 1.1ms | Allocations: 314)
  Rendered collection of layouts/partials/_sidenav_subitem.html.erb [8 times] (Duration: 2.1ms | Allocations: 614)
  Rendered collection of layouts/partials/_sidenav_subitem.html.erb [7 times] (Duration: 1.3ms | Allocations: 535)
  Rendered collection of layouts/partials/_sidenav_subitem.html.erb [10 times] (Duration: 2.0ms | Allocations: 763)
  Rendered collection of layouts/partials/_sidenav_subitem.html.erb [2 times] (Duration: 0.4ms | Allocations: 153)
  Rendered collection of layouts/partials/_sidenav_subitem.html.erb [7 times] (Duration: 1.1ms | Allocations: 535)
  Rendered collection of layouts/partials/_sidenav_subitem.html.erb [5 times] (Duration: 9.4ms | Allocations: 4513)
  Rendered collection of layouts/partials/_sidenav_subitem.html.erb [1 times] (Duration: 0.4ms | Allocations: 178)
  Rendered collection of layouts/partials/_sidenav_subitem.html.erb [6 times] (Duration: 14.7ms | Allocations: 7136)
  Rendered collection of layouts/partials/_sidenav_subitem.html.erb [3 times] (Duration: 0.5ms | Allocations: 219)
  Rendered collection of layouts/partials/_sidenav_subitem.html.erb [2 times] (Duration: 0.4ms | Allocations: 163)
  Rendered collection of layouts/partials/_sidenav_subitem.html.erb [3 times] (Duration: 0.8ms | Allocations: 233)
  Rendered collection of layouts/partials/_sidenav_subitem.html.erb [2 times] (Duration: 1.4ms | Allocations: 564)
  Rendered collection of layouts/partials/_sidenav_subitem.html.erb [3 times] (Duration: 0.3ms | Allocations: 209)
  Rendered collection of layouts/partials/_sidenav_subitem.html.erb [1 times] (Duration: 0.3ms | Allocations: 82)
  Rendered collection of layouts/partials/_sidenav_subitem.html.erb [4 times] (Duration: 0.6ms | Allocations: 306)
  Rendered collection of layouts/partials/_sidenav_subitem.html.erb [4 times] (Duration: 2.4ms | Allocations: 1414)
  Rendered collection of layouts/partials/_sidenav_subitem.html.erb [4 times] (Duration: 1.2ms | Allocations: 689)
  Rendered collection of layouts/partials/_sidenav_subitem.html.erb [5 times] (Duration: 0.8ms | Allocations: 729)
  Rendered collection of layouts/partials/_sidenav_subitem.html.erb [2 times] (Duration: 0.4ms | Allocations: 157)
  Rendered collection of layouts/partials/_sidenav_subitem.html.erb [2 times] (Duration: 0.4ms | Allocations: 157)
  Rendered collection of layouts/partials/_sidenav_subitem.html.erb [2 times] (Duration: 0.3ms | Allocations: 157)
  Rendered collection of layouts/partials/_sidenav_subitem.html.erb [3 times] (Duration: 1.8ms | Allocations: 1130)
  Rendered collection of layouts/partials/_sidenav_subitem.html.erb [10 times] (Duration: 19.0ms | Allocations: 6914)
  Rendered collection of layouts/partials/_sidenav_subitem.html.erb [5 times] (Duration: 0.9ms | Allocations: 391)
  Rendered collection of layouts/partials/_sidenav_subitem.html.erb [5 times] (Duration: 0.8ms | Allocations: 385)
  Rendered collection of layouts/partials/_sidenav_subitem.html.erb [4 times] (Duration: 3.0ms | Allocations: 1563)
  Rendered collection of layouts/partials/_sidenav_subitem.html.erb [1 times] (Duration: 0.5ms | Allocations: 82)
  Rendered collection of layouts/partials/_sidenav_subitem.html.erb [6 times] (Duration: 1.7ms | Allocations: 461)
  Rendered collection of layouts/partials/_sidenav_subitem.html.erb [9 times] (Duration: 1.8ms | Allocations: 689)
  Rendered collection of layouts/partials/_sidenav_subitem.html.erb [1 times] (Duration: 0.4ms | Allocations: 177)
  Rendered collection of layouts/partials/_sidenav_subitem.html.erb [4 times] (Duration: 3.8ms | Allocations: 1674)
  Rendered collection of layouts/partials/_sidenav_subitem.html.erb [6 times] (Duration: 8.2ms | Allocations: 3282)
  Rendered collection of layouts/partials/_sidenav_subitem.html.erb [1 times] (Duration: 0.4ms | Allocations: 81)
  Rendered collection of layouts/partials/_sidenav_subitem.html.erb [1 times] (Duration: 0.2ms | Allocations: 81)
  Rendered collection of layouts/partials/_sidenav_subitem.html.erb [4 times] (Duration: 2.1ms | Allocations: 687)
  Rendered collection of layouts/partials/_sidenav_subitem.html.erb [1 times] (Duration: 0.2ms | Allocations: 82)
  Rendered collection of layouts/partials/_sidenav_subitem.html.erb [4 times] (Duration: 0.8ms | Allocations: 310)
  Rendered collection of layouts/partials/_sidenav_subitem.html.erb [1 times] (Duration: 0.4ms | Allocations: 176)
  Rendered collection of layouts/partials/_sidenav_subitem.html.erb [5 times] (Duration: 3.3ms | Allocations: 1384)
  Rendered collection of layouts/partials/_sidenav_subitem.html.erb [2 times] (Duration: 0.6ms | Allocations: 295)
  Rendered collection of layouts/partials/_sidenav_subitem.html.erb [3 times] (Duration: 1.4ms | Allocations: 647)
  Rendered collection of layouts/partials/_sidenav_subitem.html.erb [5 times] (Duration: 0.8ms | Allocations: 384)
  Rendered collection of layouts/partials/_sidenav_subitem.html.erb [2 times] (Duration: 0.4ms | Allocations: 158)
  Rendered collection of layouts/partials/_sidenav_subitem.html.erb [3 times] (Duration: 2.0ms | Allocations: 1175)
  Rendered collection of layouts/partials/_sidenav_subitem.html.erb [3 times] (Duration: 0.6ms | Allocations: 240)
  Rendered collection of layouts/partials/_sidenav_subitem.html.erb [3 times] (Duration: 0.6ms | Allocations: 234)
  Rendered collection of layouts/partials/_sidenav_subitem.html.erb [3 times] (Duration: 1.3ms | Allocations: 655)
  Rendered collection of layouts/partials/_sidenav_subitem.html.erb [2 times] (Duration: 0.4ms | Allocations: 158)
  Rendered collection of layouts/partials/_sidenav_subitem.html.erb [3 times] (Duration: 5.5ms | Allocations: 542)
  Rendered collection of layouts/partials/_sidenav_subitem.html.erb [1 times] (Duration: 0.2ms | Allocations: 79)
  Rendered collection of layouts/partials/_sidenav_subitem.html.erb [2 times] (Duration: 0.4ms | Allocations: 158)
  Rendered collection of layouts/partials/_sidenav_subitem.html.erb [3 times] (Duration: 1.1ms | Allocations: 542)
  Rendered collection of layouts/partials/_sidenav_subitem.html.erb [1 times] (Duration: 0.2ms | Allocations: 79)
  Rendered collection of layouts/partials/_sidenav_subitem.html.erb [7 times] (Duration: 11.1ms | Allocations: 3663)
  Rendered collection of layouts/partials/_sidenav_subitem.html.erb [1 times] (Duration: 0.3ms | Allocations: 79)
  Rendered collection of layouts/partials/_sidenav_subitem.html.erb [3 times] (Duration: 14.4ms | Allocations: 5765)
  Rendered collection of layouts/partials/_sidenav_item.html.erb [16 times] (Duration: 124.7ms | Allocations: 62340)
  Rendered layouts/partials/_sidenav.html.erb (Duration: 588.3ms | Allocations: 354449)
  Rendered layouts/partials/_notices.html.erb (Duration: 0.1ms | Allocations: 13)
  Rendered layouts/partials/_feedback.html.erb (Duration: 0.1ms | Allocations: 59)
Completed 200 OK in 1484ms (Views: 626.0ms | ActiveRecord: 0.0ms | Allocations: 534852)


Started GET "/voice/voice-api/code-snippets/download-a-recording" for ::1 at 2020-02-27 12:05:35 +0200
Processing by MarkdownController#show as HTML
  Parameters: {"namespace"=>"", "product"=>"voice/voice-api", "document"=>"code-snippets/download-a-recording"}
  Rendering markdown/show.html.erb within layouts/documentation
  Rendered markdown/show.html.erb within layouts/documentation (Duration: 0.1ms | Allocations: 8)
[Webpacker] Everything's up-to-date. Nothing to do
  Rendered layouts/partials/_head.html.erb (Duration: 26.9ms | Allocations: 24501)
  Rendered layouts/partials/_post-body-tags.html.erb (Duration: 0.0ms | Allocations: 7)
  Rendered layouts/partials/_header.html.erb (Duration: 2.7ms | Allocations: 3189)
  Rendered collection of layouts/partials/_sidenav_subitem.html.erb [5 times] (Duration: 0.9ms | Allocations: 375)
  Rendered collection of layouts/partials/_sidenav_subitem.html.erb [2 times] (Duration: 1.4ms | Allocations: 765)
  Rendered collection of layouts/partials/_sidenav_subitem.html.erb [5 times] (Duration: 0.8ms | Allocations: 395)
  Rendered collection of layouts/partials/_sidenav_subitem.html.erb [4 times] (Duration: 1.6ms | Allocations: 950)
  Rendered collection of layouts/partials/_sidenav_subitem.html.erb [5 times] (Duration: 0.7ms | Allocations: 398)
  Rendered collection of layouts/partials/_sidenav_subitem.html.erb [11 times] (Duration: 1.5ms | Allocations: 861)
  Rendered collection of layouts/partials/_sidenav_subitem.html.erb [1 times] (Duration: 0.2ms | Allocations: 81)
  Rendered collection of layouts/partials/_sidenav_subitem.html.erb [1 times] (Duration: 0.2ms | Allocations: 81)
  Rendered collection of layouts/partials/_sidenav_subitem.html.erb [6 times] (Duration: 1.1ms | Allocations: 467)
  Rendered collection of layouts/partials/_sidenav_subitem.html.erb [2 times] (Duration: 0.3ms | Allocations: 161)
  Rendered collection of layouts/partials/_sidenav_subitem.html.erb [12 times] (Duration: 5.7ms | Allocations: 3679)
  Rendered collection of layouts/partials/_sidenav_subitem.html.erb [6 times] (Duration: 1.8ms | Allocations: 1044)
  Rendered collection of layouts/partials/_sidenav_subitem.html.erb [2 times] (Duration: 0.3ms | Allocations: 151)
  Rendered collection of layouts/partials/_sidenav_subitem.html.erb [6 times] (Duration: 10.9ms | Allocations: 6832)
  Rendered collection of layouts/partials/_sidenav_subitem.html.erb [7 times] (Duration: 1.0ms | Allocations: 546)
  Rendered collection of layouts/partials/_sidenav_subitem.html.erb [5 times] (Duration: 0.7ms | Allocations: 391)
  Rendered collection of layouts/partials/_sidenav_subitem.html.erb [15 times] (Duration: 0.9ms | Allocations: 714)
  Rendered collection of layouts/partials/_sidenav_subitem.html.erb [5 times] (Duration: 2.3ms | Allocations: 863)
  Rendered collection of layouts/partials/_sidenav_subitem.html.erb [1 times] (Duration: 0.2ms | Allocations: 79)
  Rendered collection of layouts/partials/_sidenav_subitem.html.erb [7 times] (Duration: 7.4ms | Allocations: 4496)
  Rendered collection of layouts/partials/_sidenav_subitem.html.erb [3 times] (Duration: 0.5ms | Allocations: 221)
  Rendered collection of layouts/partials/_sidenav_subitem.html.erb [2 times] (Duration: 1.0ms | Allocations: 544)
  Rendered collection of layouts/partials/_sidenav_subitem.html.erb [1 times] (Duration: 0.2ms | Allocations: 76)
  Rendered collection of layouts/partials/_sidenav_subitem.html.erb [3 times] (Duration: 9.4ms | Allocations: 5910)
  Rendered collection of layouts/partials/_sidenav_subitem.html.erb [1 times] (Duration: 0.3ms | Allocations: 88)
  Rendered collection of layouts/partials/_sidenav_subitem.html.erb [8 times] (Duration: 2.1ms | Allocations: 620)
  Rendered collection of layouts/partials/_sidenav_subitem.html.erb [1 times] (Duration: 0.4ms | Allocations: 150)
  Rendered collection of layouts/partials/_sidenav_subitem.html.erb [1 times] (Duration: 0.7ms | Allocations: 177)
  Rendered collection of layouts/partials/_sidenav_subitem.html.erb [2 times] (Duration: 0.4ms | Allocations: 151)
  Rendered collection of layouts/partials/_sidenav_subitem.html.erb [7 times] (Duration: 9.9ms | Allocations: 2537)
  Rendered collection of layouts/partials/_sidenav_subitem.html.erb [11 times] (Duration: 2.0ms | Allocations: 838)
  Rendered collection of layouts/partials/_sidenav_subitem.html.erb [22 times] (Duration: 3.6ms | Allocations: 1684)
  Rendered collection of layouts/partials/_sidenav_subitem.html.erb [9 times] (Duration: 2.6ms | Allocations: 1546)
  Rendered collection of layouts/partials/_sidenav_subitem.html.erb [7 times] (Duration: 10.3ms | Allocations: 6237)
  Rendered collection of layouts/partials/_sidenav_subitem.html.erb [1 times] (Duration: 0.2ms | Allocations: 80)
  Rendered collection of layouts/partials/_sidenav_subitem.html.erb [9 times] (Duration: 1.6ms | Allocations: 677)
  Rendered collection of layouts/partials/_sidenav_subitem.html.erb [3 times] (Duration: 2.7ms | Allocations: 1484)
  Rendered collection of layouts/partials/_sidenav_subitem.html.erb [2 times] (Duration: 13.8ms | Allocations: 8355)
  Rendered collection of layouts/partials/_sidenav_subitem.html.erb [4 times] (Duration: 0.7ms | Allocations: 318)
  Rendered collection of layouts/partials/_sidenav_subitem.html.erb [7 times] (Duration: 1.2ms | Allocations: 541)
  Rendered collection of layouts/partials/_sidenav_subitem.html.erb [1 times] (Duration: 0.1ms | Allocations: 55)
  Rendered collection of layouts/partials/_sidenav_subitem.html.erb [2 times] (Duration: 0.7ms | Allocations: 349)
  Rendered collection of layouts/partials/_sidenav_subitem.html.erb [6 times] (Duration: 4.4ms | Allocations: 2488)
  Rendered collection of layouts/partials/_sidenav_subitem.html.erb [2 times] (Duration: 0.3ms | Allocations: 163)
  Rendered collection of layouts/partials/_sidenav_subitem.html.erb [6 times] (Duration: 1.3ms | Allocations: 467)
  Rendered collection of layouts/partials/_sidenav_subitem.html.erb [1 times] (Duration: 0.1ms | Allocations: 53)
  Rendered collection of layouts/partials/_sidenav_subitem.html.erb [3 times] (Duration: 0.9ms | Allocations: 520)
  Rendered collection of layouts/partials/_sidenav_subitem.html.erb [6 times] (Duration: 4.2ms | Allocations: 2358)
  Rendered collection of layouts/partials/_sidenav_subitem.html.erb [10 times] (Duration: 1.8ms | Allocations: 725)
  Rendered collection of layouts/partials/_sidenav_subitem.html.erb [4 times] (Duration: 0.7ms | Allocations: 314)
  Rendered collection of layouts/partials/_sidenav_subitem.html.erb [8 times] (Duration: 1.5ms | Allocations: 614)
  Rendered collection of layouts/partials/_sidenav_subitem.html.erb [7 times] (Duration: 1.1ms | Allocations: 535)
  Rendered collection of layouts/partials/_sidenav_subitem.html.erb [10 times] (Duration: 1.6ms | Allocations: 763)
  Rendered collection of layouts/partials/_sidenav_subitem.html.erb [2 times] (Duration: 0.3ms | Allocations: 153)
  Rendered collection of layouts/partials/_sidenav_subitem.html.erb [7 times] (Duration: 1.1ms | Allocations: 535)
  Rendered collection of layouts/partials/_sidenav_subitem.html.erb [5 times] (Duration: 7.3ms | Allocations: 4513)
  Rendered collection of layouts/partials/_sidenav_subitem.html.erb [1 times] (Duration: 0.3ms | Allocations: 178)
  Rendered collection of layouts/partials/_sidenav_subitem.html.erb [6 times] (Duration: 14.7ms | Allocations: 7136)
  Rendered collection of layouts/partials/_sidenav_subitem.html.erb [3 times] (Duration: 0.3ms | Allocations: 219)
  Rendered collection of layouts/partials/_sidenav_subitem.html.erb [2 times] (Duration: 0.3ms | Allocations: 163)
  Rendered collection of layouts/partials/_sidenav_subitem.html.erb [3 times] (Duration: 0.5ms | Allocations: 233)
  Rendered collection of layouts/partials/_sidenav_subitem.html.erb [2 times] (Duration: 0.9ms | Allocations: 564)
  Rendered collection of layouts/partials/_sidenav_subitem.html.erb [3 times] (Duration: 0.2ms | Allocations: 209)
  Rendered collection of layouts/partials/_sidenav_subitem.html.erb [1 times] (Duration: 0.2ms | Allocations: 82)
  Rendered collection of layouts/partials/_sidenav_subitem.html.erb [4 times] (Duration: 0.6ms | Allocations: 306)
  Rendered collection of layouts/partials/_sidenav_subitem.html.erb [4 times] (Duration: 2.0ms | Allocations: 1414)
  Rendered collection of layouts/partials/_sidenav_subitem.html.erb [4 times] (Duration: 1.3ms | Allocations: 689)
  Rendered collection of layouts/partials/_sidenav_subitem.html.erb [5 times] (Duration: 1.0ms | Allocations: 729)
  Rendered collection of layouts/partials/_sidenav_subitem.html.erb [2 times] (Duration: 0.3ms | Allocations: 157)
  Rendered collection of layouts/partials/_sidenav_subitem.html.erb [2 times] (Duration: 0.5ms | Allocations: 157)
  Rendered collection of layouts/partials/_sidenav_subitem.html.erb [2 times] (Duration: 0.4ms | Allocations: 157)
  Rendered collection of layouts/partials/_sidenav_subitem.html.erb [3 times] (Duration: 7.2ms | Allocations: 1130)
  Rendered collection of layouts/partials/_sidenav_subitem.html.erb [10 times] (Duration: 15.7ms | Allocations: 6914)
  Rendered collection of layouts/partials/_sidenav_subitem.html.erb [5 times] (Duration: 1.4ms | Allocations: 391)
  Rendered collection of layouts/partials/_sidenav_subitem.html.erb [5 times] (Duration: 1.0ms | Allocations: 385)
  Rendered collection of layouts/partials/_sidenav_subitem.html.erb [4 times] (Duration: 3.9ms | Allocations: 1563)
  Rendered collection of layouts/partials/_sidenav_subitem.html.erb [1 times] (Duration: 0.3ms | Allocations: 82)
  Rendered collection of layouts/partials/_sidenav_subitem.html.erb [6 times] (Duration: 1.1ms | Allocations: 461)
  Rendered collection of layouts/partials/_sidenav_subitem.html.erb [9 times] (Duration: 1.4ms | Allocations: 689)
  Rendered collection of layouts/partials/_sidenav_subitem.html.erb [1 times] (Duration: 0.4ms | Allocations: 177)
  Rendered collection of layouts/partials/_sidenav_subitem.html.erb [4 times] (Duration: 2.8ms | Allocations: 1674)
  Rendered collection of layouts/partials/_sidenav_subitem.html.erb [6 times] (Duration: 5.9ms | Allocations: 3282)
  Rendered collection of layouts/partials/_sidenav_subitem.html.erb [1 times] (Duration: 0.2ms | Allocations: 81)
  Rendered collection of layouts/partials/_sidenav_subitem.html.erb [1 times] (Duration: 0.3ms | Allocations: 81)
  Rendered collection of layouts/partials/_sidenav_subitem.html.erb [4 times] (Duration: 4.9ms | Allocations: 687)
  Rendered collection of layouts/partials/_sidenav_subitem.html.erb [1 times] (Duration: 0.2ms | Allocations: 82)
  Rendered collection of layouts/partials/_sidenav_subitem.html.erb [4 times] (Duration: 0.6ms | Allocations: 310)
  Rendered collection of layouts/partials/_sidenav_subitem.html.erb [1 times] (Duration: 0.4ms | Allocations: 176)
  Rendered collection of layouts/partials/_sidenav_subitem.html.erb [5 times] (Duration: 2.5ms | Allocations: 1384)
  Rendered collection of layouts/partials/_sidenav_subitem.html.erb [2 times] (Duration: 0.4ms | Allocations: 295)
  Rendered collection of layouts/partials/_sidenav_subitem.html.erb [3 times] (Duration: 1.1ms | Allocations: 647)
  Rendered collection of layouts/partials/_sidenav_subitem.html.erb [5 times] (Duration: 1.1ms | Allocations: 384)
  Rendered collection of layouts/partials/_sidenav_subitem.html.erb [2 times] (Duration: 0.4ms | Allocations: 158)
  Rendered collection of layouts/partials/_sidenav_subitem.html.erb [3 times] (Duration: 2.6ms | Allocations: 1175)
  Rendered collection of layouts/partials/_sidenav_subitem.html.erb [3 times] (Duration: 0.6ms | Allocations: 240)
  Rendered collection of layouts/partials/_sidenav_subitem.html.erb [3 times] (Duration: 0.5ms | Allocations: 234)
  Rendered collection of layouts/partials/_sidenav_subitem.html.erb [3 times] (Duration: 1.2ms | Allocations: 655)
  Rendered collection of layouts/partials/_sidenav_subitem.html.erb [2 times] (Duration: 0.4ms | Allocations: 158)
  Rendered collection of layouts/partials/_sidenav_subitem.html.erb [3 times] (Duration: 4.9ms | Allocations: 542)
  Rendered collection of layouts/partials/_sidenav_subitem.html.erb [1 times] (Duration: 0.2ms | Allocations: 79)
  Rendered collection of layouts/partials/_sidenav_subitem.html.erb [2 times] (Duration: 0.5ms | Allocations: 158)
  Rendered collection of layouts/partials/_sidenav_subitem.html.erb [3 times] (Duration: 1.3ms | Allocations: 542)
  Rendered collection of layouts/partials/_sidenav_subitem.html.erb [1 times] (Duration: 0.2ms | Allocations: 79)
  Rendered collection of layouts/partials/_sidenav_subitem.html.erb [7 times] (Duration: 11.0ms | Allocations: 3663)
  Rendered collection of layouts/partials/_sidenav_subitem.html.erb [1 times] (Duration: 0.2ms | Allocations: 79)
  Rendered collection of layouts/partials/_sidenav_subitem.html.erb [3 times] (Duration: 14.9ms | Allocations: 5765)
  Rendered collection of layouts/partials/_sidenav_item.html.erb [16 times] (Duration: 124.4ms | Allocations: 62340)
  Rendered layouts/partials/_sidenav.html.erb (Duration: 546.1ms | Allocations: 354455)
  Rendered layouts/partials/_notices.html.erb (Duration: 0.1ms | Allocations: 13)
  Rendered layouts/partials/_feedback.html.erb (Duration: 0.1ms | Allocations: 59)
Completed 200 OK in 1535ms (Views: 577.7ms | ActiveRecord: 0.0ms | Allocations: 594127)


Not delivering sessions due to an invalid api_key
No Algolia config found. Search is now disabled
No valid API key has been set, notifications will not be sent
Not notifying due to an invalid api_key
No Algolia config found. Search is now disabled
No valid API key has been set, notifications will not be sent
No Algolia config found. Search is now disabled
No valid API key has been set, notifications will not be sent
Started GET "/" for ::1 at 2020-02-27 15:13:09 +0200
  [1m[35m (5.2ms)[0m  [1m[34mSELECT "schema_migrations"."version" FROM "schema_migrations" ORDER BY "schema_migrations"."version" ASC[0m
Processing by StaticController#landing as HTML
  Rendering static/landing.html.erb within layouts/landing
  Rendered static/_products.html.erb (Duration: 4.0ms | Allocations: 41054)
  Rendered static/landing.html.erb within layouts/landing (Duration: 23.0ms | Allocations: 216960)
[Webpacker] Everything's up-to-date. Nothing to do
  Rendered layouts/partials/_head.html.erb (Duration: 3552.4ms | Allocations: 38246277)
  Rendered layouts/partials/_post-body-tags.html.erb (Duration: 9.2ms | Allocations: 58917)
  Rendered layouts/partials/_header.html.erb (Duration: 173.1ms | Allocations: 1789200)
  Rendered layouts/partials/_notices.html.erb (Duration: 7.5ms | Allocations: 97048)
  Rendered layouts/partials/_footer.html.erb (Duration: 30.3ms | Allocations: 343510)
Completed 200 OK in 3912ms (Views: 3888.2ms | ActiveRecord: 0.0ms | Allocations: 41964633)


Not delivering sessions due to an invalid api_key
No Algolia config found. Search is now disabled
No valid API key has been set, notifications will not be sent
No Algolia config found. Search is now disabled
No valid API key has been set, notifications will not be sent
Started GET "/voice/" for ::1 at 2020-02-27 15:18:29 +0200
  [1m[35m (0.6ms)[0m  [1m[34mSELECT "schema_migrations"."version" FROM "schema_migrations" ORDER BY "schema_migrations"."version" ASC[0m
Processing by MarkdownController#show as HTML
  Parameters: {"namespace"=>"", "document"=>"voice"}
  [1m[36mRedirect Load (0.6ms)[0m  [1m[34mSELECT "redirects".* FROM "redirects" WHERE "redirects"."url" = $1 ORDER BY "redirects"."id" ASC LIMIT $2[0m  [["url", "/voice"], ["LIMIT", 1]]
  ↳ app/services/redirector.rb:12:in `find'
  [1m[36mRedirect Update All (1.4ms)[0m  [1m[33mUPDATE "redirects" SET "uses" = COALESCE("uses", 0) + $1 WHERE "redirects"."id" = $2[0m  [["uses", 1], ["id", "9f0a73fc-d3ea-437d-baf9-dd18c5df84df"]]
  ↳ app/services/redirector.rb:12:in `find'
Redirected to http://localhost:3000/voice/overview
Completed 302 Found in 23ms (ActiveRecord: 6.1ms | Allocations: 7024)


Started GET "/voice/overview" for ::1 at 2020-02-27 15:18:29 +0200
Processing by MarkdownController#show as HTML
  Parameters: {"namespace"=>"", "document"=>"voice/overview"}
  [1m[36mRedirect Load (0.4ms)[0m  [1m[34mSELECT "redirects".* FROM "redirects" WHERE "redirects"."url" = $1 ORDER BY "redirects"."id" ASC LIMIT $2[0m  [["url", "/voice/overview"], ["LIMIT", 1]]
  ↳ app/services/redirector.rb:12:in `find'
  [1m[36mRedirect Update All (0.6ms)[0m  [1m[33mUPDATE "redirects" SET "uses" = COALESCE("uses", 0) + $1 WHERE "redirects"."id" = $2[0m  [["uses", 1], ["id", "5b4bd575-879a-498c-8243-10c11d3d8484"]]
  ↳ app/services/redirector.rb:12:in `find'
Redirected to http://localhost:3000/voice/voice-api/overview
Completed 302 Found in 4ms (ActiveRecord: 0.9ms | Allocations: 1863)


Started GET "/voice/voice-api/overview" for ::1 at 2020-02-27 15:18:29 +0200
Processing by MarkdownController#show as HTML
  Parameters: {"namespace"=>"", "product"=>"voice/voice-api", "document"=>"overview"}
  Rendering markdown/show.html.erb within layouts/documentation
  Rendered markdown/show.html.erb within layouts/documentation (Duration: 1.2ms | Allocations: 381)
[Webpacker] Everything's up-to-date. Nothing to do
  Rendered layouts/partials/_head.html.erb (Duration: 179.3ms | Allocations: 81023)
  Rendered layouts/partials/_post-body-tags.html.erb (Duration: 0.2ms | Allocations: 133)
  Rendered layouts/partials/_header.html.erb (Duration: 3.9ms | Allocations: 4154)
  Rendered collection of layouts/partials/_sidenav_subitem.html.erb [5 times] (Duration: 0.7ms | Allocations: 375)
  Rendered collection of layouts/partials/_sidenav_subitem.html.erb [2 times] (Duration: 2.1ms | Allocations: 1258)
  Rendered collection of layouts/partials/_sidenav_subitem.html.erb [5 times] (Duration: 0.7ms | Allocations: 395)
  Rendered collection of layouts/partials/_sidenav_subitem.html.erb [4 times] (Duration: 1.4ms | Allocations: 955)
  Rendered collection of layouts/partials/_sidenav_subitem.html.erb [5 times] (Duration: 0.6ms | Allocations: 398)
  Rendered collection of layouts/partials/_sidenav_subitem.html.erb [11 times] (Duration: 1.6ms | Allocations: 861)
  Rendered collection of layouts/partials/_sidenav_subitem.html.erb [1 times] (Duration: 0.1ms | Allocations: 81)
  Rendered collection of layouts/partials/_sidenav_subitem.html.erb [1 times] (Duration: 0.2ms | Allocations: 81)
  Rendered collection of layouts/partials/_sidenav_subitem.html.erb [6 times] (Duration: 0.9ms | Allocations: 467)
  Rendered collection of layouts/partials/_sidenav_subitem.html.erb [2 times] (Duration: 0.3ms | Allocations: 161)
  Rendered collection of layouts/partials/_sidenav_subitem.html.erb [12 times] (Duration: 5.6ms | Allocations: 3704)
  Rendered collection of layouts/partials/_sidenav_subitem.html.erb [6 times] (Duration: 2.7ms | Allocations: 2606)
  Rendered collection of layouts/partials/_sidenav_subitem.html.erb [2 times] (Duration: 0.3ms | Allocations: 151)
  Rendered collection of layouts/partials/_sidenav_subitem.html.erb [6 times] (Duration: 10.6ms | Allocations: 8429)
  Rendered collection of layouts/partials/_sidenav_subitem.html.erb [7 times] (Duration: 1.3ms | Allocations: 546)
  Rendered collection of layouts/partials/_sidenav_subitem.html.erb [5 times] (Duration: 0.9ms | Allocations: 391)
  Rendered collection of layouts/partials/_sidenav_subitem.html.erb [15 times] (Duration: 0.9ms | Allocations: 714)
  Rendered collection of layouts/partials/_sidenav_subitem.html.erb [5 times] (Duration: 1.4ms | Allocations: 863)
  Rendered collection of layouts/partials/_sidenav_subitem.html.erb [1 times] (Duration: 0.2ms | Allocations: 79)
  Rendered collection of layouts/partials/_sidenav_subitem.html.erb [7 times] (Duration: 6.9ms | Allocations: 4506)
  Rendered collection of layouts/partials/_sidenav_subitem.html.erb [3 times] (Duration: 0.5ms | Allocations: 221)
  Rendered collection of layouts/partials/_sidenav_subitem.html.erb [2 times] (Duration: 1.1ms | Allocations: 544)
  Rendered collection of layouts/partials/_sidenav_subitem.html.erb [1 times] (Duration: 0.2ms | Allocations: 76)
  Rendered collection of layouts/partials/_sidenav_subitem.html.erb [3 times] (Duration: 9.3ms | Allocations: 5930)
  Rendered collection of layouts/partials/_sidenav_subitem.html.erb [1 times] (Duration: 0.2ms | Allocations: 88)
  Rendered collection of layouts/partials/_sidenav_subitem.html.erb [8 times] (Duration: 1.3ms | Allocations: 620)
  Rendered collection of layouts/partials/_sidenav_subitem.html.erb [1 times] (Duration: 0.3ms | Allocations: 208)
  Rendered collection of layouts/partials/_sidenav_subitem.html.erb [1 times] (Duration: 0.3ms | Allocations: 177)
  Rendered collection of layouts/partials/_sidenav_subitem.html.erb [2 times] (Duration: 0.3ms | Allocations: 151)
  Rendered collection of layouts/partials/_sidenav_subitem.html.erb [7 times] (Duration: 4.2ms | Allocations: 2595)
  Rendered collection of layouts/partials/_sidenav_subitem.html.erb [11 times] (Duration: 1.6ms | Allocations: 838)
  Rendered collection of layouts/partials/_sidenav_subitem.html.erb [22 times] (Duration: 3.4ms | Allocations: 1684)
  Rendered collection of layouts/partials/_sidenav_subitem.html.erb [9 times] (Duration: 3.3ms | Allocations: 1546)
  Rendered collection of layouts/partials/_sidenav_subitem.html.erb [7 times] (Duration: 10.4ms | Allocations: 6237)
  Rendered collection of layouts/partials/_sidenav_subitem.html.erb [1 times] (Duration: 0.2ms | Allocations: 80)
  Rendered collection of layouts/partials/_sidenav_subitem.html.erb [9 times] (Duration: 1.7ms | Allocations: 677)
  Rendered collection of layouts/partials/_sidenav_subitem.html.erb [3 times] (Duration: 3.0ms | Allocations: 1489)
  Rendered collection of layouts/partials/_sidenav_subitem.html.erb [2 times] (Duration: 14.2ms | Allocations: 8370)
  Rendered collection of layouts/partials/_sidenav_subitem.html.erb [4 times] (Duration: 0.7ms | Allocations: 318)
  Rendered collection of layouts/partials/_sidenav_subitem.html.erb [7 times] (Duration: 1.1ms | Allocations: 541)
  Rendered collection of layouts/partials/_sidenav_subitem.html.erb [1 times] (Duration: 0.1ms | Allocations: 56)
  Rendered collection of layouts/partials/_sidenav_subitem.html.erb [2 times] (Duration: 0.6ms | Allocations: 349)
  Rendered collection of layouts/partials/_sidenav_subitem.html.erb [6 times] (Duration: 4.1ms | Allocations: 2489)
  Rendered collection of layouts/partials/_sidenav_subitem.html.erb [2 times] (Duration: 0.4ms | Allocations: 163)
  Rendered collection of layouts/partials/_sidenav_subitem.html.erb [6 times] (Duration: 1.0ms | Allocations: 467)
  Rendered collection of layouts/partials/_sidenav_subitem.html.erb [1 times] (Duration: 0.2ms | Allocations: 53)
  Rendered collection of layouts/partials/_sidenav_subitem.html.erb [3 times] (Duration: 1.2ms | Allocations: 520)
  Rendered collection of layouts/partials/_sidenav_subitem.html.erb [6 times] (Duration: 5.3ms | Allocations: 2358)
  Rendered collection of layouts/partials/_sidenav_subitem.html.erb [10 times] (Duration: 1.9ms | Allocations: 725)
  Rendered collection of layouts/partials/_sidenav_subitem.html.erb [4 times] (Duration: 0.8ms | Allocations: 314)
  Rendered collection of layouts/partials/_sidenav_subitem.html.erb [8 times] (Duration: 1.3ms | Allocations: 614)
  Rendered collection of layouts/partials/_sidenav_subitem.html.erb [7 times] (Duration: 1.3ms | Allocations: 535)
  Rendered collection of layouts/partials/_sidenav_subitem.html.erb [10 times] (Duration: 1.6ms | Allocations: 763)
  Rendered collection of layouts/partials/_sidenav_subitem.html.erb [2 times] (Duration: 0.3ms | Allocations: 153)
  Rendered collection of layouts/partials/_sidenav_subitem.html.erb [7 times] (Duration: 1.1ms | Allocations: 535)
  Rendered collection of layouts/partials/_sidenav_subitem.html.erb [5 times] (Duration: 8.2ms | Allocations: 4533)
  Rendered collection of layouts/partials/_sidenav_subitem.html.erb [1 times] (Duration: 0.4ms | Allocations: 178)
  Rendered collection of layouts/partials/_sidenav_subitem.html.erb [6 times] (Duration: 13.1ms | Allocations: 7156)
  Rendered collection of layouts/partials/_sidenav_subitem.html.erb [3 times] (Duration: 0.3ms | Allocations: 219)
  Rendered collection of layouts/partials/_sidenav_subitem.html.erb [2 times] (Duration: 0.4ms | Allocations: 163)
  Rendered collection of layouts/partials/_sidenav_subitem.html.erb [3 times] (Duration: 0.6ms | Allocations: 233)
  Rendered collection of layouts/partials/_sidenav_subitem.html.erb [2 times] (Duration: 1.2ms | Allocations: 564)
  Rendered collection of layouts/partials/_sidenav_subitem.html.erb [3 times] (Duration: 0.3ms | Allocations: 209)
  Rendered collection of layouts/partials/_sidenav_subitem.html.erb [1 times] (Duration: 0.2ms | Allocations: 82)
  Rendered collection of layouts/partials/_sidenav_subitem.html.erb [4 times] (Duration: 0.7ms | Allocations: 306)
  Rendered collection of layouts/partials/_sidenav_subitem.html.erb [4 times] (Duration: 2.6ms | Allocations: 1419)
  Rendered collection of layouts/partials/_sidenav_subitem.html.erb [4 times] (Duration: 1.2ms | Allocations: 689)
  Rendered collection of layouts/partials/_sidenav_subitem.html.erb [5 times] (Duration: 1.0ms | Allocations: 729)
  Rendered collection of layouts/partials/_sidenav_subitem.html.erb [2 times] (Duration: 0.4ms | Allocations: 157)
  Rendered collection of layouts/partials/_sidenav_subitem.html.erb [2 times] (Duration: 0.4ms | Allocations: 157)
  Rendered collection of layouts/partials/_sidenav_subitem.html.erb [2 times] (Duration: 0.3ms | Allocations: 157)
  Rendered collection of layouts/partials/_sidenav_subitem.html.erb [3 times] (Duration: 2.1ms | Allocations: 1145)
  Rendered collection of layouts/partials/_sidenav_subitem.html.erb [10 times] (Duration: 12.0ms | Allocations: 6959)
  Rendered collection of layouts/partials/_sidenav_subitem.html.erb [5 times] (Duration: 0.8ms | Allocations: 391)
  Rendered collection of layouts/partials/_sidenav_subitem.html.erb [5 times] (Duration: 0.7ms | Allocations: 385)
  Rendered collection of layouts/partials/_sidenav_subitem.html.erb [4 times] (Duration: 2.5ms | Allocations: 1563)
  Rendered collection of layouts/partials/_sidenav_subitem.html.erb [1 times] (Duration: 0.2ms | Allocations: 82)
  Rendered collection of layouts/partials/_sidenav_subitem.html.erb [6 times] (Duration: 1.3ms | Allocations: 461)
  Rendered collection of layouts/partials/_sidenav_subitem.html.erb [9 times] (Duration: 1.6ms | Allocations: 689)
  Rendered collection of layouts/partials/_sidenav_subitem.html.erb [1 times] (Duration: 0.4ms | Allocations: 177)
  Rendered collection of layouts/partials/_sidenav_subitem.html.erb [4 times] (Duration: 3.1ms | Allocations: 1674)
  Rendered collection of layouts/partials/_sidenav_subitem.html.erb [6 times] (Duration: 6.4ms | Allocations: 3287)
  Rendered collection of layouts/partials/_sidenav_subitem.html.erb [1 times] (Duration: 0.2ms | Allocations: 81)
  Rendered collection of layouts/partials/_sidenav_subitem.html.erb [1 times] (Duration: 0.2ms | Allocations: 81)
  Rendered collection of layouts/partials/_sidenav_subitem.html.erb [4 times] (Duration: 2.2ms | Allocations: 687)
  Rendered collection of layouts/partials/_sidenav_subitem.html.erb [1 times] (Duration: 0.2ms | Allocations: 82)
  Rendered collection of layouts/partials/_sidenav_subitem.html.erb [4 times] (Duration: 0.8ms | Allocations: 310)
  Rendered collection of layouts/partials/_sidenav_subitem.html.erb [1 times] (Duration: 0.4ms | Allocations: 176)
  Rendered collection of layouts/partials/_sidenav_subitem.html.erb [5 times] (Duration: 3.0ms | Allocations: 1384)
  Rendered collection of layouts/partials/_sidenav_subitem.html.erb [2 times] (Duration: 0.6ms | Allocations: 295)
  Rendered collection of layouts/partials/_sidenav_subitem.html.erb [3 times] (Duration: 1.2ms | Allocations: 647)
  Rendered collection of layouts/partials/_sidenav_subitem.html.erb [5 times] (Duration: 0.9ms | Allocations: 384)
  Rendered collection of layouts/partials/_sidenav_subitem.html.erb [2 times] (Duration: 0.4ms | Allocations: 158)
  Rendered collection of layouts/partials/_sidenav_subitem.html.erb [3 times] (Duration: 3.2ms | Allocations: 1175)
  Rendered collection of layouts/partials/_sidenav_subitem.html.erb [3 times] (Duration: 0.6ms | Allocations: 240)
  Rendered collection of layouts/partials/_sidenav_subitem.html.erb [3 times] (Duration: 0.5ms | Allocations: 234)
  Rendered collection of layouts/partials/_sidenav_subitem.html.erb [3 times] (Duration: 1.2ms | Allocations: 655)
  Rendered collection of layouts/partials/_sidenav_subitem.html.erb [2 times] (Duration: 0.4ms | Allocations: 158)
  Rendered collection of layouts/partials/_sidenav_subitem.html.erb [3 times] (Duration: 1.0ms | Allocations: 542)
  Rendered collection of layouts/partials/_sidenav_subitem.html.erb [1 times] (Duration: 0.2ms | Allocations: 79)
  Rendered collection of layouts/partials/_sidenav_subitem.html.erb [2 times] (Duration: 0.3ms | Allocations: 158)
  Rendered collection of layouts/partials/_sidenav_subitem.html.erb [3 times] (Duration: 1.0ms | Allocations: 542)
  Rendered collection of layouts/partials/_sidenav_subitem.html.erb [1 times] (Duration: 0.2ms | Allocations: 79)
  Rendered collection of layouts/partials/_sidenav_subitem.html.erb [7 times] (Duration: 6.4ms | Allocations: 3688)
  Rendered collection of layouts/partials/_sidenav_subitem.html.erb [1 times] (Duration: 0.2ms | Allocations: 79)
  Rendered collection of layouts/partials/_sidenav_subitem.html.erb [3 times] (Duration: 10.7ms | Allocations: 5806)
  Rendered collection of layouts/partials/_sidenav_item.html.erb [16 times] (Duration: 112.1ms | Allocations: 65697)
  Rendered layouts/partials/_sidenav.html.erb (Duration: 628.2ms | Allocations: 359813)
  Rendered layouts/partials/_notices.html.erb (Duration: 0.5ms | Allocations: 277)
  Rendered layouts/partials/_feedback.html.erb (Duration: 1.0ms | Allocations: 429)
Completed 200 OK in 1673ms (Views: 820.6ms | ActiveRecord: 0.0ms | Allocations: 654544)


No Algolia config found. Search is now disabled
No valid API key has been set, notifications will not be sent
